#
# There is insufficient memory for the Java Runtime Environment to continue.
# Native memory allocation (malloc) failed to allocate 893616 bytes for Chunk::new
# Possible reasons:
#   The system is out of physical RAM or swap space
#   In 32 bit mode, the process size limit was hit
# Possible solutions:
#   Reduce memory load on the system
#   Increase physical memory or swap space
#   Check if swap backing store is full
#   Use 64 bit Java on a 64 bit OS
#   Decrease Java heap size (-Xmx/-Xms)
#   Decrease number of Java threads
#   Decrease Java thread stack sizes (-Xss)
#   Set larger code cache with -XX:ReservedCodeCacheSize=
# This output file may be truncated or incomplete.
#
#  Out of Memory Error (allocation.cpp:390), pid=6600, tid=0x0000000000001654
#
# JRE version: OpenJDK Runtime Environment (8.0_152-b01) (build 1.8.0_152-release-1248-b01)
# Java VM: OpenJDK 64-Bit Server VM (25.152-b01 mixed mode windows-amd64 compressed oops)
# Failed to write core dump. Minidumps are not enabled by default on client versions of Windows
#

---------------  T H R E A D  ---------------

Current thread (0x000000001630b800):  JavaThread "C2 CompilerThread1" daemon [_thread_in_native, id=5716, stack(0x0000000017a60000,0x0000000017b60000)]

Stack: [0x0000000017a60000,0x0000000017b60000]
[error occurred during error reporting (printing stack bounds), id 0xc0000005]

Native frames: (J=compiled Java code, j=interpreted, Vv=VM code, C=native code)


Current CompileTask:
C2:  21618 7112   !   4       com.sun.tools.javac.parser.JavaTokenizer::readToken (2243 bytes)


---------------  P R O C E S S  ---------------

Java Threads: ( => current thread )
  0x000000001b384800 JavaThread "Cache worker for Java compile cache (C:\Users\nbangari\StudioProjects\Team29-PersonalBest\.gradle\4.10.1\javaCompile)" [_thread_blocked, id=2928, stack(0x0000000022870000,0x0000000022970000)]
  0x000000001b37d800 JavaThread "Cache worker for Java compile cache (C:\Users\nbangari\.gradle\caches\4.10.1\javaCompile)" [_thread_blocked, id=10500, stack(0x0000000022770000,0x0000000022870000)]
  0x000000001b380000 JavaThread "Cache worker for Build Output Cleanup Cache (C:\Users\nbangari\StudioProjects\Team29-PersonalBest\.gradle\buildOutputCleanup)" [_thread_blocked, id=13432, stack(0x0000000022470000,0x0000000022570000)]
  0x000000001b383000 JavaThread "Cache worker for task history cache (C:\Users\nbangari\StudioProjects\Team29-PersonalBest\.gradle\4.10.1\taskHistory)" [_thread_blocked, id=13792, stack(0x0000000022370000,0x0000000022470000)]
  0x000000001b37f000 JavaThread "Task worker for ':' Thread 3" [_thread_blocked, id=2872, stack(0x0000000022270000,0x0000000022370000)]
  0x000000001b2ea800 JavaThread "Task worker for ':' Thread 2" [_thread_blocked, id=13608, stack(0x0000000022170000,0x0000000022270000)]
  0x000000001b2ea000 JavaThread "Task worker for ':'" [_thread_blocked, id=7980, stack(0x0000000022070000,0x0000000022170000)]
  0x000000001b2f0000 JavaThread "Cache worker for file content cache (C:\Users\nbangari\StudioProjects\Team29-PersonalBest\.gradle\4.10.1\fileContent)" [_thread_blocked, id=7408, stack(0x0000000021f70000,0x0000000022070000)]
  0x000000001b2ee800 JavaThread "Cache worker for file content cache (C:\Users\nbangari\.gradle\caches\4.10.1\fileContent)" [_thread_blocked, id=18328, stack(0x0000000021640000,0x0000000021740000)]
  0x000000001b2ef800 JavaThread "Memory manager" [_thread_blocked, id=11904, stack(0x0000000020500000,0x0000000020600000)]
  0x000000001b2e9000 JavaThread "Build operations Thread 4" [_thread_blocked, id=11980, stack(0x0000000020400000,0x0000000020500000)]
  0x000000001b2eb800 JavaThread "Build operations Thread 3" [_thread_blocked, id=18244, stack(0x0000000020300000,0x0000000020400000)]
  0x000000001b6e2800 JavaThread "Build operations Thread 2" [_thread_blocked, id=10236, stack(0x0000000020200000,0x0000000020300000)]
  0x000000001b6e1000 JavaThread "Build operations" [_thread_blocked, id=11668, stack(0x000000001fc70000,0x000000001fd70000)]
  0x000000001b6de000 JavaThread "Cache worker for Artifact transforms cache (C:\Users\nbangari\.gradle\caches\transforms-1)" [_thread_blocked, id=18204, stack(0x000000001eb20000,0x000000001ec20000)]
  0x000000001b6df800 JavaThread "Cache worker for cache directory md-rule (C:\Users\nbangari\.gradle\caches\4.10.1\md-rule)" [_thread_blocked, id=7476, stack(0x000000001ea20000,0x000000001eb20000)]
  0x000000001b6e2000 JavaThread "Cache worker for cache directory md-supplier (C:\Users\nbangari\.gradle\caches\4.10.1\md-supplier)" [_thread_blocked, id=14376, stack(0x000000001e920000,0x000000001ea20000)]
  0x000000001b6e3800 JavaThread "Cache worker for journal cache (C:\Users\nbangari\.gradle\caches\journal-1)" [_thread_blocked, id=12876, stack(0x000000001cf50000,0x000000001d050000)]
  0x000000001b6e4000 JavaThread "Cache worker for file hash cache (C:\Users\nbangari\StudioProjects\Team29-PersonalBest\.gradle\4.10.1\fileHashes)" [_thread_blocked, id=12704, stack(0x000000001ce50000,0x000000001cf50000)]
  0x000000001bdfa800 JavaThread "File lock request listener" [_thread_in_native, id=12008, stack(0x000000001cd50000,0x000000001ce50000)]
  0x000000001b71c800 JavaThread "Cache worker for file hash cache (C:\Users\nbangari\.gradle\caches\4.10.1\fileHashes)" [_thread_blocked, id=17548, stack(0x000000001cc50000,0x000000001cd50000)]
  0x0000000019415800 JavaThread "Stdin handler" [_thread_blocked, id=19296, stack(0x000000001a9b0000,0x000000001aab0000)]
  0x00000000193fe800 JavaThread "Asynchronous log dispatcher for DefaultDaemonConnection: socket connection from /127.0.0.1:50264 to /127.0.0.1:50265" [_thread_blocked, id=10520, stack(0x000000001a8b0000,0x000000001a9b0000)]
  0x00000000193ec000 JavaThread "Daemon worker" [_thread_in_Java, id=15832, stack(0x000000001a5b0000,0x000000001a6b0000)]
  0x0000000019415000 JavaThread "Cancel handler" [_thread_blocked, id=6216, stack(0x000000001a4b0000,0x000000001a5b0000)]
  0x00000000193e0800 JavaThread "Handler for socket connection from /127.0.0.1:50264 to /127.0.0.1:50265" [_thread_in_native, id=2812, stack(0x000000001a3b0000,0x000000001a4b0000)]
  0x00000000193dc800 JavaThread "Daemon" [_thread_blocked, id=488, stack(0x000000001a2b0000,0x000000001a3b0000)]
  0x0000000018717000 JavaThread "Daemon periodic checks" [_thread_blocked, id=19160, stack(0x000000001a1b0000,0x000000001a2b0000)]
  0x0000000018714800 JavaThread "Incoming local TCP Connector on port 50264" [_thread_in_native, id=16972, stack(0x0000000019f70000,0x000000001a070000)]
  0x0000000017b66800 JavaThread "Service Thread" daemon [_thread_blocked, id=4812, stack(0x0000000018060000,0x0000000018160000)]
  0x0000000017b61000 JavaThread "C1 CompilerThread2" daemon [_thread_blocked, id=17540, stack(0x0000000017f60000,0x0000000018060000)]
=>0x000000001630b800 JavaThread "C2 CompilerThread1" daemon [_thread_in_native, id=5716, stack(0x0000000017a60000,0x0000000017b60000)]
  0x0000000016317800 JavaThread "C2 CompilerThread0" daemon [_thread_in_native, id=15016, stack(0x0000000017960000,0x0000000017a60000)]
  0x0000000016316000 JavaThread "Attach Listener" daemon [_thread_blocked, id=18240, stack(0x0000000017860000,0x0000000017960000)]
  0x0000000016314800 JavaThread "Signal Dispatcher" daemon [_thread_blocked, id=12044, stack(0x0000000017760000,0x0000000017860000)]
  0x000000000299b800 JavaThread "Finalizer" daemon [_thread_blocked, id=15216, stack(0x0000000017570000,0x0000000017670000)]
  0x0000000002990800 JavaThread "Reference Handler" daemon [_thread_blocked, id=9944, stack(0x0000000017470000,0x0000000017570000)]
  0x000000000276e800 JavaThread "main" [_thread_blocked, id=708, stack(0x0000000002770000,0x0000000002870000)]

Other Threads:
  0x00000000162d7000 VMThread [stack: 0x0000000017370000,0x0000000017470000] [id=15592]
  0x0000000017b67800 WatcherThread [stack: 0x0000000018160000,0x0000000018260000] [id=15044]

VM state:not at safepoint (normal execution)

VM Mutex/Monitor currently owned by a thread: None

Heap:
 PSYoungGen      total 147968K, used 46893K [0x00000000e0000000, 0x00000000eae00000, 0x0000000100000000)
  eden space 139776K, 27% used [0x00000000e0000000,0x00000000e25e67a0,0x00000000e8880000)
  from space 8192K, 98% used [0x00000000ea600000,0x00000000eade4f78,0x00000000eae00000)
  to   space 18944K, 0% used [0x00000000e8900000,0x00000000e8900000,0x00000000e9b80000)
 ParOldGen       total 146944K, used 32110K [0x00000000a0000000, 0x00000000a8f80000, 0x00000000e0000000)
  object space 146944K, 21% used [0x00000000a0000000,0x00000000a1f5b838,0x00000000a8f80000)
 Metaspace       used 63508K, capacity 65212K, committed 65456K, reserved 1105920K
  class space    used 8662K, capacity 9132K, committed 9136K, reserved 1048576K

Card table byte_map: [0x0000000011d60000,0x0000000012070000] byte_map_base: 0x0000000011860000

Marking Bits: (ParMarkBitMap*) 0x000000005abc5aa0
 Begin Bits: [0x0000000012670000, 0x0000000013e70000)
 End Bits:   [0x0000000013e70000, 0x0000000015670000)

Polling page: 0x0000000000ad0000

CodeCache: size=245760Kb used=20665Kb max_used=20665Kb free=225094Kb
 bounds [0x00000000029a0000, 0x0000000003df0000, 0x00000000119a0000]
 total_blobs=7081 nmethods=6280 adapters=714
 compilation: enabled

Compilation events (10 events):
Event: 21.603 Thread 0x0000000017b61000 7175       2       java.io.PrintWriter::println (5 bytes)
Event: 21.603 Thread 0x0000000017b61000 nmethod 7175 0x0000000003ddf250 code [0x0000000003ddf3c0, 0x0000000003ddf528]
Event: 21.603 Thread 0x0000000017b61000 7176   !   2       java.io.PrintWriter::newLine (66 bytes)
Event: 21.604 Thread 0x0000000017b61000 nmethod 7176 0x0000000003ddf5d0 code [0x0000000003ddf780, 0x0000000003ddfc18]
Event: 21.604 Thread 0x0000000017b61000 7177       2       java.io.PrintWriter::print (13 bytes)
Event: 21.604 Thread 0x0000000017b61000 nmethod 7177 0x0000000003ddff50 code [0x0000000003de00c0, 0x0000000003de0268]
Event: 21.605 Thread 0x0000000017b61000 7178       2       java.io.ObjectOutputStream$BlockDataOutputStream::writeBytes (144 bytes)
Event: 21.606 Thread 0x0000000017b61000 nmethod 7178 0x0000000003de0390 code [0x0000000003de0520, 0x0000000003de0898]
Event: 21.610 Thread 0x0000000017b61000 7180   !   2       com.google.common.cache.LocalCache$LocalLoadingCache::getUnchecked (19 bytes)
Event: 21.611 Thread 0x0000000017b61000 nmethod 7180 0x0000000003de0bd0 code [0x0000000003de0d80, 0x0000000003de1178]

GC Heap History (10 events):
Event: 11.655 GC heap before
{Heap before GC invocations=13 (full 2):
 PSYoungGen      total 105472K, used 105449K [0x00000000e0000000, 0x00000000e7b00000, 0x0000000100000000)
  eden space 93696K, 100% used [0x00000000e0000000,0x00000000e5b80000,0x00000000e5b80000)
  from space 11776K, 99% used [0x00000000e6f80000,0x00000000e7afa728,0x00000000e7b00000)
  to   space 13312K, 0% used [0x00000000e6100000,0x00000000e6100000,0x00000000e6e00000)
 ParOldGen       total 102400K, used 16691K [0x00000000a0000000, 0x00000000a6400000, 0x00000000e0000000)
  object space 102400K, 16% used [0x00000000a0000000,0x00000000a104ce20,0x00000000a6400000)
 Metaspace       used 50402K, capacity 51670K, committed 51760K, reserved 1093632K
  class space    used 6801K, capacity 7164K, committed 7216K, reserved 1048576K
Event: 11.700 GC heap after
Heap after GC invocations=13 (full 2):
 PSYoungGen      total 112640K, used 13288K [0x00000000e0000000, 0x00000000e8f80000, 0x0000000100000000)
  eden space 99328K, 0% used [0x00000000e0000000,0x00000000e0000000,0x00000000e6100000)
  from space 13312K, 99% used [0x00000000e6100000,0x00000000e6dfa1a0,0x00000000e6e00000)
  to   space 15872K, 0% used [0x00000000e8000000,0x00000000e8000000,0x00000000e8f80000)
 ParOldGen       total 102400K, used 18999K [0x00000000a0000000, 0x00000000a6400000, 0x00000000e0000000)
  object space 102400K, 18% used [0x00000000a0000000,0x00000000a128dfd0,0x00000000a6400000)
 Metaspace       used 50402K, capacity 51670K, committed 51760K, reserved 1093632K
  class space    used 6801K, capacity 7164K, committed 7216K, reserved 1048576K
}
Event: 14.965 GC heap before
{Heap before GC invocations=14 (full 2):
 PSYoungGen      total 112640K, used 112616K [0x00000000e0000000, 0x00000000e8f80000, 0x0000000100000000)
  eden space 99328K, 100% used [0x00000000e0000000,0x00000000e6100000,0x00000000e6100000)
  from space 13312K, 99% used [0x00000000e6100000,0x00000000e6dfa1a0,0x00000000e6e00000)
  to   space 15872K, 0% used [0x00000000e8000000,0x00000000e8000000,0x00000000e8f80000)
 ParOldGen       total 102400K, used 18999K [0x00000000a0000000, 0x00000000a6400000, 0x00000000e0000000)
  object space 102400K, 18% used [0x00000000a0000000,0x00000000a128dfd0,0x00000000a6400000)
 Metaspace       used 56899K, capacity 58526K, committed 58800K, reserved 1099776K
  class space    used 7820K, capacity 8277K, committed 8368K, reserved 1048576K
Event: 15.004 GC heap after
Heap after GC invocations=14 (full 2):
 PSYoungGen      total 126464K, used 15870K [0x00000000e0000000, 0x00000000e9e00000, 0x0000000100000000)
  eden space 110592K, 0% used [0x00000000e0000000,0x00000000e0000000,0x00000000e6c00000)
  from space 15872K, 99% used [0x00000000e8000000,0x00000000e8f7f9b8,0x00000000e8f80000)
  to   space 20480K, 0% used [0x00000000e6c00000,0x00000000e6c00000,0x00000000e8000000)
 ParOldGen       total 102400K, used 25995K [0x00000000a0000000, 0x00000000a6400000, 0x00000000e0000000)
  object space 102400K, 25% used [0x00000000a0000000,0x00000000a1962f80,0x00000000a6400000)
 Metaspace       used 56899K, capacity 58526K, committed 58800K, reserved 1099776K
  class space    used 7820K, capacity 8277K, committed 8368K, reserved 1048576K
}
Event: 15.422 GC heap before
{Heap before GC invocations=15 (full 2):
 PSYoungGen      total 126464K, used 24502K [0x00000000e0000000, 0x00000000e9e00000, 0x0000000100000000)
  eden space 110592K, 7% used [0x00000000e0000000,0x00000000e086e140,0x00000000e6c00000)
  from space 15872K, 99% used [0x00000000e8000000,0x00000000e8f7f9b8,0x00000000e8f80000)
  to   space 20480K, 0% used [0x00000000e6c00000,0x00000000e6c00000,0x00000000e8000000)
 ParOldGen       total 102400K, used 25995K [0x00000000a0000000, 0x00000000a6400000, 0x00000000e0000000)
  object space 102400K, 25% used [0x00000000a0000000,0x00000000a1962f80,0x00000000a6400000)
 Metaspace       used 57486K, capacity 59080K, committed 59160K, reserved 1099776K
  class space    used 7915K, capacity 8364K, committed 8368K, reserved 1048576K
Event: 15.477 GC heap after
Heap after GC invocations=15 (full 2):
 PSYoungGen      total 131072K, used 7146K [0x00000000e0000000, 0x00000000eb980000, 0x0000000100000000)
  eden space 110592K, 0% used [0x00000000e0000000,0x00000000e0000000,0x00000000e6c00000)
  from space 20480K, 34% used [0x00000000e6c00000,0x00000000e72faa70,0x00000000e8000000)
  to   space 19968K, 0% used [0x00000000ea600000,0x00000000ea600000,0x00000000eb980000)
 ParOldGen       total 102400K, used 35678K [0x00000000a0000000, 0x00000000a6400000, 0x00000000e0000000)
  object space 102400K, 34% used [0x00000000a0000000,0x00000000a22d78d0,0x00000000a6400000)
 Metaspace       used 57486K, capacity 59080K, committed 59160K, reserved 1099776K
  class space    used 7915K, capacity 8364K, committed 8368K, reserved 1048576K
}
Event: 15.477 GC heap before
{Heap before GC invocations=16 (full 3):
 PSYoungGen      total 131072K, used 7146K [0x00000000e0000000, 0x00000000eb980000, 0x0000000100000000)
  eden space 110592K, 0% used [0x00000000e0000000,0x00000000e0000000,0x00000000e6c00000)
  from space 20480K, 34% used [0x00000000e6c00000,0x00000000e72faa70,0x00000000e8000000)
  to   space 19968K, 0% used [0x00000000ea600000,0x00000000ea600000,0x00000000eb980000)
 ParOldGen       total 102400K, used 35678K [0x00000000a0000000, 0x00000000a6400000, 0x00000000e0000000)
  object space 102400K, 34% used [0x00000000a0000000,0x00000000a22d78d0,0x00000000a6400000)
 Metaspace       used 57486K, capacity 59080K, committed 59160K, reserved 1099776K
  class space    used 7915K, capacity 8364K, committed 8368K, reserved 1048576K
Event: 16.035 GC heap after
Heap after GC invocations=16 (full 3):
 PSYoungGen      total 131072K, used 0K [0x00000000e0000000, 0x00000000eb980000, 0x0000000100000000)
  eden space 110592K, 0% used [0x00000000e0000000,0x00000000e0000000,0x00000000e6c00000)
  from space 20480K, 0% used [0x00000000e6c00000,0x00000000e6c00000,0x00000000e8000000)
  to   space 19968K, 0% used [0x00000000ea600000,0x00000000ea600000,0x00000000eb980000)
 ParOldGen       total 146944K, used 32102K [0x00000000a0000000, 0x00000000a8f80000, 0x00000000e0000000)
  object space 146944K, 21% used [0x00000000a0000000,0x00000000a1f59838,0x00000000a8f80000)
 Metaspace       used 57486K, capacity 59080K, committed 59160K, reserved 1099776K
  class space    used 7915K, capacity 8364K, committed 8368K, reserved 1048576K
}
Event: 20.623 GC heap before
{Heap before GC invocations=17 (full 3):
 PSYoungGen      total 131072K, used 110592K [0x00000000e0000000, 0x00000000eb980000, 0x0000000100000000)
  eden space 110592K, 100% used [0x00000000e0000000,0x00000000e6c00000,0x00000000e6c00000)
  from space 20480K, 0% used [0x00000000e6c00000,0x00000000e6c00000,0x00000000e8000000)
  to   space 19968K, 0% used [0x00000000ea600000,0x00000000ea600000,0x00000000eb980000)
 ParOldGen       total 146944K, used 32102K [0x00000000a0000000, 0x00000000a8f80000, 0x00000000e0000000)
  object space 146944K, 21% used [0x00000000a0000000,0x00000000a1f59838,0x00000000a8f80000)
 Metaspace       used 60867K, capacity 62532K, committed 62640K, reserved 1103872K
  class space    used 8353K, capacity 8840K, committed 8880K, reserved 1048576K
Event: 20.638 GC heap after
Heap after GC invocations=17 (full 3):
 PSYoungGen      total 147968K, used 8083K [0x00000000e0000000, 0x00000000eae00000, 0x0000000100000000)
  eden space 139776K, 0% used [0x00000000e0000000,0x00000000e0000000,0x00000000e8880000)
  from space 8192K, 98% used [0x00000000ea600000,0x00000000eade4f78,0x00000000eae00000)
  to   space 18944K, 0% used [0x00000000e8900000,0x00000000e8900000,0x00000000e9b80000)
 ParOldGen       total 146944K, used 32110K [0x00000000a0000000, 0x00000000a8f80000, 0x00000000e0000000)
  object space 146944K, 21% used [0x00000000a0000000,0x00000000a1f5b838,0x00000000a8f80000)
 Metaspace       used 60867K, capacity 62532K, committed 62640K, reserved 1103872K
  class space    used 8353K, capacity 8840K, committed 8880K, reserved 1048576K
}

Deoptimization events (10 events):
Event: 21.578 Thread 0x000000001b2ea000 Uncommon trap: reason=unstable_if action=reinterpret pc=0x0000000003cf0f1c method=java.io.ObjectOutputStream$BlockDataOutputStream.writeBytes(Ljava/lang/String;)V @ 22
Event: 21.578 Thread 0x000000001b2ea000 Uncommon trap: reason=unstable_if action=reinterpret pc=0x0000000003948d64 method=com.esotericsoftware.kryo.io.Output.writeBytes([BII)V @ 61
Event: 21.580 Thread 0x000000001b2ea000 Uncommon trap: reason=unstable_if action=reinterpret pc=0x000000000393ebd8 method=com.esotericsoftware.kryo.io.Output.writeBytes([BII)V @ 61
Event: 21.583 Thread 0x000000001b2ea000 Uncommon trap: reason=class_check action=maybe_recompile pc=0x0000000002f42d80 method=java.lang.Throwable.<init>(Ljava/lang/String;Ljava/lang/Throwable;)V @ 24
Event: 21.598 Thread 0x000000001b383000 Uncommon trap: reason=unstable_if action=reinterpret pc=0x000000000319abb8 method=com.esotericsoftware.kryo.io.Output.writeString(Ljava/lang/CharSequence;)V @ 50
Event: 21.598 Thread 0x000000001b383000 Uncommon trap: reason=unstable_if action=reinterpret pc=0x0000000002afd5d8 method=com.esotericsoftware.kryo.io.Output.writeString(Ljava/lang/CharSequence;)V @ 50
Event: 21.604 Thread 0x000000001b2ea000 Uncommon trap: reason=unstable_if action=reinterpret pc=0x0000000002f34fb0 method=java.io.ObjectOutputStream$BlockDataOutputStream.writeBytes(Ljava/lang/String;)V @ 22
Event: 21.604 Thread 0x000000001b2ea000 Uncommon trap: reason=unstable_if action=reinterpret pc=0x000000000393f078 method=com.esotericsoftware.kryo.io.Output.writeBytes([BII)V @ 61
Event: 21.605 Thread 0x000000001b2ea000 Uncommon trap: reason=unstable_if action=reinterpret pc=0x0000000002aec99c method=java.io.ObjectOutputStream$BlockDataOutputStream.writeBytes(Ljava/lang/String;)V @ 22
Event: 21.606 Thread 0x000000001b2ea000 Uncommon trap: reason=unstable_if action=reinterpret pc=0x00000000039fd478 method=com.esotericsoftware.kryo.io.Output.writeBytes([BII)V @ 61

Classes redefined (0 events):
No events

Internal exceptions (10 events):
Event: 18.118 Thread 0x00000000193ec000 Exception <a 'java/lang/NoSuchMethodError': <clinit>> (0x00000000e320d4d0) thrown at [D:\src\AOSP-openjdk-cygwin\jdk8u\hotspot\src\share\vm\prims\jni.cpp, line 1613]
Event: 18.395 Thread 0x00000000193ec000 Exception <a 'java/lang/NoSuchMethodError': <clinit>> (0x00000000e3882088) thrown at [D:\src\AOSP-openjdk-cygwin\jdk8u\hotspot\src\share\vm\prims\jni.cpp, line 1613]
Event: 18.397 Thread 0x00000000193ec000 Exception <a 'java/lang/NoSuchMethodError': <clinit>> (0x00000000e388ccb0) thrown at [D:\src\AOSP-openjdk-cygwin\jdk8u\hotspot\src\share\vm\prims\jni.cpp, line 1613]
Event: 18.401 Thread 0x00000000193ec000 Exception <a 'java/lang/NoSuchMethodError': <clinit>> (0x00000000e38a9648) thrown at [D:\src\AOSP-openjdk-cygwin\jdk8u\hotspot\src\share\vm\prims\jni.cpp, line 1613]
Event: 18.403 Thread 0x00000000193ec000 Exception <a 'java/lang/NoSuchMethodError': <clinit>> (0x00000000e38b8208) thrown at [D:\src\AOSP-openjdk-cygwin\jdk8u\hotspot\src\share\vm\prims\jni.cpp, line 1613]
Event: 21.529 Thread 0x000000001b2ea000 Exception <a 'java/lang/OutOfMemoryError'> (0x00000000e1f30280) thrown at [D:\src\AOSP-openjdk-cygwin\jdk8u\hotspot\src\share\vm\prims\jni.cpp, line 735]
Event: 21.570 Thread 0x000000001b2ea000 Exception <a 'java/lang/reflect/InvocationTargetException'> (0x00000000e2126690) thrown at [D:\src\AOSP-openjdk-cygwin\jdk8u\hotspot\src\share\vm\runtime\reflection.cpp, line 1092]
Event: 21.574 Thread 0x000000001b2ea000 Exception <a 'java/lang/NoSuchMethodError': <clinit>> (0x00000000e2167068) thrown at [D:\src\AOSP-openjdk-cygwin\jdk8u\hotspot\src\share\vm\prims\jni.cpp, line 1613]
Event: 21.578 Thread 0x000000001b2ea000 Exception <a 'java/lang/NoSuchMethodError': <clinit>> (0x00000000e217c2e8) thrown at [D:\src\AOSP-openjdk-cygwin\jdk8u\hotspot\src\share\vm\prims\jni.cpp, line 1613]
Event: 21.604 Thread 0x000000001b2ea000 Exception <a 'java/lang/NoSuchMethodError': <clinit>> (0x00000000e22d4210) thrown at [D:\src\AOSP-openjdk-cygwin\jdk8u\hotspot\src\share\vm\prims\jni.cpp, line 1613]

Events (10 events):
Event: 21.604 Thread 0x000000001b2ea000 DEOPT UNPACKING pc=0x00000000029e557b sp=0x000000002216da00 mode 2
Event: 21.604 Thread 0x000000001b2ea000 Uncommon trap: trap_request=0xffffff65 fr.pc=0x000000000393f078
Event: 21.604 Thread 0x000000001b2ea000 DEOPT PACKING pc=0x000000000393f078 sp=0x000000002216d8a0
Event: 21.604 Thread 0x000000001b2ea000 DEOPT UNPACKING pc=0x00000000029e557b sp=0x000000002216d850 mode 2
Event: 21.605 Thread 0x000000001b2ea000 Uncommon trap: trap_request=0xffffff65 fr.pc=0x0000000002aec99c
Event: 21.605 Thread 0x000000001b2ea000 DEOPT PACKING pc=0x0000000002aec99c sp=0x000000002216dbe0
Event: 21.605 Thread 0x000000001b2ea000 DEOPT UNPACKING pc=0x00000000029e557b sp=0x000000002216dba0 mode 2
Event: 21.606 Thread 0x000000001b2ea000 Uncommon trap: trap_request=0xffffff65 fr.pc=0x00000000039fd478
Event: 21.606 Thread 0x000000001b2ea000 DEOPT PACKING pc=0x00000000039fd478 sp=0x000000002216e3d0
Event: 21.606 Thread 0x000000001b2ea000 DEOPT UNPACKING pc=0x00000000029e557b sp=0x000000002216e228 mode 2


Dynamic libraries:
0x00007ff762dd0000 - 0x00007ff762e01000 	C:\Program Files\Android\Android Studio\jre\bin\java.exe
0x00007fff5f6f0000 - 0x00007fff5f8d1000 	C:\WINDOWS\SYSTEM32\ntdll.dll
0x00007fff5cdf0000 - 0x00007fff5cea2000 	C:\WINDOWS\System32\KERNEL32.DLL
0x00007fff5bf80000 - 0x00007fff5c1f3000 	C:\WINDOWS\System32\KERNELBASE.dll
0x00007fff5cb80000 - 0x00007fff5cc21000 	C:\WINDOWS\System32\ADVAPI32.dll
0x00007fff5d100000 - 0x00007fff5d19e000 	C:\WINDOWS\System32\msvcrt.dll
0x00007fff5d2d0000 - 0x00007fff5d32b000 	C:\WINDOWS\System32\sechost.dll
0x00007fff5d1a0000 - 0x00007fff5d2c4000 	C:\WINDOWS\System32\RPCRT4.dll
0x00007fff5cc50000 - 0x00007fff5cde0000 	C:\WINDOWS\System32\USER32.dll
0x00007fff5bac0000 - 0x00007fff5bae0000 	C:\WINDOWS\System32\win32u.dll
0x00007fff5ceb0000 - 0x00007fff5ced8000 	C:\WINDOWS\System32\GDI32.dll
0x00007fff5c2d0000 - 0x00007fff5c462000 	C:\WINDOWS\System32\gdi32full.dll
0x00007fff5bb40000 - 0x00007fff5bbdf000 	C:\WINDOWS\System32\msvcp_win.dll
0x00007fff5be80000 - 0x00007fff5bf7a000 	C:\WINDOWS\System32\ucrtbase.dll
0x00007fff4d3c0000 - 0x00007fff4d629000 	C:\WINDOWS\WinSxS\amd64_microsoft.windows.common-controls_6595b64144ccf1df_6.0.17134.590_none_fb3d9bff3069e088\COMCTL32.dll
0x00007fff5df50000 - 0x00007fff5e272000 	C:\WINDOWS\System32\combase.dll
0x00007fff5c250000 - 0x00007fff5c2ca000 	C:\WINDOWS\System32\bcryptPrimitives.dll
0x00007fff5df20000 - 0x00007fff5df4d000 	C:\WINDOWS\System32\IMM32.DLL
0x000000005c900000 - 0x000000005c9d2000 	C:\Program Files\Android\Android Studio\jre\jre\bin\msvcr100.dll
0x000000005a400000 - 0x000000005ac41000 	C:\Program Files\Android\Android Studio\jre\jre\bin\server\jvm.dll
0x00007fff5dba0000 - 0x00007fff5dba8000 	C:\WINDOWS\System32\PSAPI.DLL
0x00007fff590d0000 - 0x00007fff590f3000 	C:\WINDOWS\SYSTEM32\WINMM.dll
0x00007fff4d730000 - 0x00007fff4d739000 	C:\WINDOWS\SYSTEM32\WSOCK32.dll
0x00007fff5d010000 - 0x00007fff5d07c000 	C:\WINDOWS\System32\WS2_32.dll
0x00007fff590a0000 - 0x00007fff590ca000 	C:\WINDOWS\SYSTEM32\WINMMBASE.dll
0x00007fff5c200000 - 0x00007fff5c249000 	C:\WINDOWS\System32\cfgmgr32.dll
0x00007fff4d7c0000 - 0x00007fff4d7ca000 	C:\WINDOWS\SYSTEM32\VERSION.dll
0x00007fff549b0000 - 0x00007fff549bf000 	C:\Program Files\Android\Android Studio\jre\jre\bin\verify.dll
0x00007fff52c70000 - 0x00007fff52c99000 	C:\Program Files\Android\Android Studio\jre\jre\bin\java.dll
0x00007fff548c0000 - 0x00007fff548d6000 	C:\Program Files\Android\Android Studio\jre\jre\bin\zip.dll
0x00007fff5e280000 - 0x00007fff5f6c0000 	C:\WINDOWS\System32\SHELL32.dll
0x00007fff5dbb0000 - 0x00007fff5dc59000 	C:\WINDOWS\System32\shcore.dll
0x00007fff5c470000 - 0x00007fff5cb7d000 	C:\WINDOWS\System32\windows.storage.dll
0x00007fff5dc60000 - 0x00007fff5dcb1000 	C:\WINDOWS\System32\shlwapi.dll
0x00007fff5ba20000 - 0x00007fff5ba31000 	C:\WINDOWS\System32\kernel.appcore.dll
0x00007fff5ba00000 - 0x00007fff5ba1f000 	C:\WINDOWS\System32\profapi.dll
0x00007fff5ba50000 - 0x00007fff5ba9c000 	C:\WINDOWS\System32\powrprof.dll
0x00007fff5ba40000 - 0x00007fff5ba4a000 	C:\WINDOWS\System32\FLTLIB.DLL
0x00007fff54000000 - 0x00007fff5401a000 	C:\Program Files\Android\Android Studio\jre\jre\bin\net.dll
0x00007fff5b220000 - 0x00007fff5b286000 	C:\WINDOWS\system32\mswsock.dll
0x00007fff53fa0000 - 0x00007fff53fb1000 	C:\Program Files\Android\Android Studio\jre\jre\bin\nio.dll
0x00007fff43bf0000 - 0x00007fff43c0e000 	C:\Users\nbangari\.gradle\native\25\windows-amd64\native-platform.dll
0x00007fff54920000 - 0x00007fff5492d000 	C:\Program Files\Android\Android Studio\jre\jre\bin\management.dll
0x00007fff5b3d0000 - 0x00007fff5b3e7000 	C:\WINDOWS\SYSTEM32\CRYPTSP.dll
0x00007fff5ae00000 - 0x00007fff5ae33000 	C:\WINDOWS\system32\rsaenh.dll
0x00007fff5b500000 - 0x00007fff5b525000 	C:\WINDOWS\SYSTEM32\bcrypt.dll
0x00007fff5b900000 - 0x00007fff5b928000 	C:\WINDOWS\SYSTEM32\USERENV.dll
0x00007fff5b3f0000 - 0x00007fff5b3fb000 	C:\WINDOWS\SYSTEM32\CRYPTBASE.dll
0x00007fff5afa0000 - 0x00007fff5afd8000 	C:\WINDOWS\SYSTEM32\IPHLPAPI.DLL
0x00007fff5d330000 - 0x00007fff5d338000 	C:\WINDOWS\System32\NSI.dll
0x00007fff51e70000 - 0x00007fff51e86000 	C:\WINDOWS\SYSTEM32\dhcpcsvc6.DLL
0x00007fff521c0000 - 0x00007fff521da000 	C:\WINDOWS\SYSTEM32\dhcpcsvc.DLL

VM Arguments:
jvm_args: -Xmx1536m -Dfile.encoding=windows-1252 -Duser.country=US -Duser.language=en -Duser.variant 
java_command: org.gradle.launcher.daemon.bootstrap.GradleDaemon 4.10.1
java_class_path (initial): C:\Users\nbangari\.gradle\wrapper\dists\gradle-4.10.1-all\455itskqi2qtf0v2sja68alqd\gradle-4.10.1\lib\gradle-launcher-4.10.1.jar
Launcher Type: SUN_STANDARD

Environment Variables:
PATH=C:\ProgramData\Oracle\Java\javapath;C:\WINDOWS\system32;C:\WINDOWS;C:\WINDOWS\System32\Wbem;C:\WINDOWS\System32\WindowsPowerShell\v1.0\;C:\Program Files (x86)\PuTTY\;C:\WINDOWS\System32\OpenSSH\;C:\Program Files\Git\cmd;C:\Users\nbangari\Anaconda3;C:\Users\nbangari\Anaconda3\Scripts;C:\Users\nbangari\Anaconda3\Library\bin;C:\Users\nbangari\AppData\Local\Microsoft\WindowsApps;C:\Program Files\Microsoft VS Code\bin;C:\Users\nbangari\AppData\Local\Microsoft\WindowsApps;C:\Program Files\Java\jdk1.8.0_121\bin
USERNAME=nbangari
OS=Windows_NT
PROCESSOR_IDENTIFIER=Intel64 Family 6 Model 142 Stepping 9, GenuineIntel



---------------  S Y S T E M  ---------------

OS: Windows 10.0 , 64 bit Build 17134 (10.0.17134.556)

CPU:total 4 (initial active 4) (2 cores per cpu, 2 threads per core) family 6 model 142 stepping 9, cmov, cx8, fxsr, mmx, sse, sse2, sse3, ssse3, sse4.1, sse4.2, popcnt, avx, avx2, aes, clmul, erms, 3dnowpref, lzcnt, ht, tsc, tscinvbit, bmi1, bmi2, adx

Memory: 4k page, physical 8272208k(1350664k free), swap 10222928k(244k free)

vm_info: OpenJDK 64-Bit Server VM (25.152-b01) for windows-amd64 JRE (1.8.0_152-release-1248-b01), built by "builder" with MS VC++ 10.0 (VS2010)

time: Thu Feb 28 20:23:45 2019
elapsed time: 21 seconds (0d 0h 0m 21s)

