#
# There is insufficient memory for the Java Runtime Environment to continue.
# Native memory allocation (malloc) failed to allocate 866976 bytes for Chunk::new
# Possible reasons:
#   The system is out of physical RAM or swap space
#   In 32 bit mode, the process size limit was hit
# Possible solutions:
#   Reduce memory load on the system
#   Increase physical memory or swap space
#   Check if swap backing store is full
#   Use 64 bit Java on a 64 bit OS
#   Decrease Java heap size (-Xmx/-Xms)
#   Decrease number of Java threads
#   Decrease Java thread stack sizes (-Xss)
#   Set larger code cache with -XX:ReservedCodeCacheSize=
# This output file may be truncated or incomplete.
#
#  Out of Memory Error (allocation.cpp:390), pid=18332, tid=0x00000000000032d4
#
# JRE version: OpenJDK Runtime Environment (8.0_152-b01) (build 1.8.0_152-release-1248-b01)
# Java VM: OpenJDK 64-Bit Server VM (25.152-b01 mixed mode windows-amd64 compressed oops)
# Failed to write core dump. Minidumps are not enabled by default on client versions of Windows
#

---------------  T H R E A D  ---------------

Current thread (0x0000000016c0f000):  JavaThread "C2 CompilerThread1" daemon [_thread_in_native, id=13012, stack(0x0000000018370000,0x0000000018470000)]

Stack: [0x0000000018370000,0x0000000018470000]
[error occurred during error reporting (printing stack bounds), id 0xc0000005]

Native frames: (J=compiled Java code, j=interpreted, Vv=VM code, C=native code)


Current CompileTask:
C2: 455447 14352       4       com.sun.tools.javac.code.Symbol$MethodSymbol::implementation (57 bytes)


---------------  P R O C E S S  ---------------

Java Threads: ( => current thread )
  0x000000001fd3e000 JavaThread "Cache worker for Java compile cache (C:\Users\nbangari\StudioProjects\Team29-PersonalBest\.gradle\4.10.1\javaCompile)" [_thread_blocked, id=10416, stack(0x00000000287b0000,0x00000000288b0000)]
  0x000000001fd43000 JavaThread "Cache worker for Java compile cache (C:\Users\nbangari\.gradle\caches\4.10.1\javaCompile)" [_thread_blocked, id=9808, stack(0x00000000286b0000,0x00000000287b0000)]
  0x000000001fd40000 JavaThread "stdout" daemon [_thread_in_native, id=5444, stack(0x00000000285b0000,0x00000000286b0000)]
  0x000000001fd41000 JavaThread "stderr" daemon [_thread_in_native, id=18700, stack(0x00000000284b0000,0x00000000285b0000)]
  0x000000001fd3f800 JavaThread "stdout" daemon [_thread_in_native, id=216, stack(0x00000000283b0000,0x00000000284b0000)]
  0x000000001fd41800 JavaThread "stderr" daemon [_thread_in_native, id=14132, stack(0x00000000282b0000,0x00000000283b0000)]
  0x000000001fd3a000 JavaThread "stdout" daemon [_thread_in_native, id=13396, stack(0x00000000281b0000,0x00000000282b0000)]
  0x000000001fd3e800 JavaThread "stderr" daemon [_thread_in_native, id=3288, stack(0x00000000280b0000,0x00000000281b0000)]
  0x000000001fd3b800 JavaThread "pool-11-thread-1" [_thread_blocked, id=6968, stack(0x0000000027fb0000,0x00000000280b0000)]
  0x000000001fd38000 JavaThread "ForkJoinPool.commonPool-worker-3" daemon [_thread_blocked, id=16756, stack(0x0000000027eb0000,0x0000000027fb0000)]
  0x000000001fd3d000 JavaThread "Cache worker for Build Output Cleanup Cache (C:\Users\nbangari\StudioProjects\Team29-PersonalBest\.gradle\buildOutputCleanup)" [_thread_blocked, id=15708, stack(0x0000000027ab0000,0x0000000027bb0000)]
  0x000000001a2fc800 JavaThread "Cache worker for task history cache (C:\Users\nbangari\StudioProjects\Team29-PersonalBest\.gradle\4.10.1\taskHistory)" [_thread_blocked, id=10412, stack(0x00000000279b0000,0x0000000027ab0000)]
  0x000000001a302000 JavaThread "Task worker for ':' Thread 3" [_thread_blocked, id=18872, stack(0x00000000278b0000,0x00000000279b0000)]
  0x000000001a301000 JavaThread "Task worker for ':' Thread 2" [_thread_blocked, id=19336, stack(0x00000000277b0000,0x00000000278b0000)]
  0x000000001a2ff800 JavaThread "Task worker for ':'" [_thread_blocked, id=15548, stack(0x00000000276b0000,0x00000000277b0000)]
  0x000000001a2fe000 JavaThread "Cache worker for file content cache (C:\Users\nbangari\StudioProjects\Team29-PersonalBest\.gradle\4.10.1\fileContent)" [_thread_blocked, id=17632, stack(0x00000000275b0000,0x00000000276b0000)]
  0x000000001bc21800 JavaThread "Cache worker for file content cache (C:\Users\nbangari\.gradle\caches\4.10.1\fileContent)" [_thread_blocked, id=10560, stack(0x00000000274b0000,0x00000000275b0000)]
  0x000000001bc25000 JavaThread "Build operations Thread 4" [_thread_blocked, id=18824, stack(0x00000000273b0000,0x00000000274b0000)]
  0x000000001bc23800 JavaThread "Build operations Thread 3" [_thread_blocked, id=12976, stack(0x00000000272b0000,0x00000000273b0000)]
  0x000000001bc22000 JavaThread "Build operations Thread 2" [_thread_blocked, id=4180, stack(0x00000000271b0000,0x00000000272b0000)]
  0x000000001bc1c000 JavaThread "Build operations" [_thread_blocked, id=1516, stack(0x00000000270b0000,0x00000000271b0000)]
  0x000000001bc1d000 JavaThread "Cache worker for cache directory md-rule (C:\Users\nbangari\.gradle\caches\4.10.1\md-rule)" [_thread_blocked, id=18784, stack(0x0000000026fb0000,0x00000000270b0000)]
  0x000000001bc20000 JavaThread "Cache worker for cache directory md-supplier (C:\Users\nbangari\.gradle\caches\4.10.1\md-supplier)" [_thread_blocked, id=11180, stack(0x0000000026eb0000,0x0000000026fb0000)]
  0x000000001bc19000 JavaThread "Cache worker for file hash cache (C:\Users\nbangari\StudioProjects\Team29-PersonalBest\.gradle\4.10.1\fileHashes)" [_thread_blocked, id=16376, stack(0x0000000026db0000,0x0000000026eb0000)]
  0x000000001bc18000 JavaThread "Stdin handler" [_thread_blocked, id=2240, stack(0x0000000026cb0000,0x0000000026db0000)]
  0x000000001bc1a800 JavaThread "Asynchronous log dispatcher for DefaultDaemonConnection: socket connection from /127.0.0.1:49902 to /127.0.0.1:50195" [_thread_blocked, id=14460, stack(0x0000000026bb0000,0x0000000026cb0000)]
  0x000000001bc1b800 JavaThread "Cancel handler" [_thread_blocked, id=10352, stack(0x0000000026ab0000,0x0000000026bb0000)]
  0x000000001bc1f000 JavaThread "Handler for socket connection from /127.0.0.1:49902 to /127.0.0.1:50195" [_thread_in_native, id=17328, stack(0x00000000269b0000,0x0000000026ab0000)]
  0x000000001bc1a000 JavaThread "Daemon worker Thread 3" [_thread_in_Java, id=7388, stack(0x0000000024db0000,0x0000000024eb0000)]
  0x000000001bc17800 JavaThread "Daemon Thread 3" [_thread_blocked, id=14272, stack(0x0000000024ab0000,0x0000000024bb0000)]
  0x000000001bc1d800 JavaThread "Memory manager" [_thread_blocked, id=18888, stack(0x00000000215b0000,0x00000000216b0000)]
  0x000000001a2fe800 JavaThread "Cache worker for Artifact transforms cache (C:\Users\nbangari\.gradle\caches\transforms-1)" [_thread_blocked, id=9288, stack(0x00000000208b0000,0x00000000209b0000)]
  0x000000001a2fb800 JavaThread "Cache worker for journal cache (C:\Users\nbangari\.gradle\caches\journal-1)" [_thread_blocked, id=8972, stack(0x000000001d860000,0x000000001d960000)]
  0x000000001a2d2800 JavaThread "File lock request listener" [_thread_in_native, id=14656, stack(0x000000001c690000,0x000000001c790000)]
  0x000000001b818000 JavaThread "Cache worker for file hash cache (C:\Users\nbangari\.gradle\caches\4.10.1\fileHashes)" [_thread_blocked, id=16872, stack(0x000000001c590000,0x000000001c690000)]
  0x0000000019ae7800 JavaThread "Daemon periodic checks" [_thread_blocked, id=13104, stack(0x000000001aac0000,0x000000001abc0000)]
  0x0000000019ad5000 JavaThread "Incoming local TCP Connector on port 49902" [_thread_in_native, id=15160, stack(0x000000001a880000,0x000000001a980000)]
  0x0000000016c6d000 JavaThread "Service Thread" daemon [_thread_blocked, id=1792, stack(0x0000000018970000,0x0000000018a70000)]
  0x0000000016c1a000 JavaThread "C1 CompilerThread2" daemon [_thread_in_vm, id=2148, stack(0x0000000018470000,0x0000000018570000)]
=>0x0000000016c0f000 JavaThread "C2 CompilerThread1" daemon [_thread_in_native, id=13012, stack(0x0000000018370000,0x0000000018470000)]
  0x0000000016c18000 JavaThread "C2 CompilerThread0" daemon [_thread_in_native, id=13152, stack(0x0000000018270000,0x0000000018370000)]
  0x0000000016c16800 JavaThread "Attach Listener" daemon [_thread_blocked, id=17420, stack(0x0000000018170000,0x0000000018270000)]
  0x0000000016c15800 JavaThread "Signal Dispatcher" daemon [_thread_blocked, id=17940, stack(0x0000000018070000,0x0000000018170000)]
  0x000000000327c000 JavaThread "Finalizer" daemon [_thread_blocked, id=16492, stack(0x0000000017e80000,0x0000000017f80000)]
  0x0000000003273000 JavaThread "Reference Handler" daemon [_thread_blocked, id=3776, stack(0x0000000017d80000,0x0000000017e80000)]
  0x00000000013be800 JavaThread "main" [_thread_blocked, id=12596, stack(0x0000000003080000,0x0000000003180000)]

Other Threads:
  0x0000000016bd6800 VMThread [stack: 0x0000000017c80000,0x0000000017d80000] [id=16860]
  0x0000000016c6d800 WatcherThread [stack: 0x0000000018a70000,0x0000000018b70000] [id=8464]

VM state:not at safepoint (normal execution)

VM Mutex/Monitor currently owned by a thread: None

Heap:
 PSYoungGen      total 153088K, used 48341K [0x00000000e0000000, 0x00000000eca00000, 0x0000000100000000)
  eden space 128000K, 18% used [0x00000000e0000000,0x00000000e16b7db8,0x00000000e7d00000)
  from space 25088K, 99% used [0x00000000e9d80000,0x00000000eb5fd9d8,0x00000000eb600000)
  to   space 33280K, 0% used [0x00000000e7d00000,0x00000000e7d00000,0x00000000e9d80000)
 ParOldGen       total 156672K, used 46545K [0x00000000a0000000, 0x00000000a9900000, 0x00000000e0000000)
  object space 156672K, 29% used [0x00000000a0000000,0x00000000a2d74670,0x00000000a9900000)
 Metaspace       used 82345K, capacity 85176K, committed 85248K, reserved 1124352K
  class space    used 10568K, capacity 11251K, committed 11264K, reserved 1048576K

Card table byte_map: [0x0000000012640000,0x0000000012950000] byte_map_base: 0x0000000012140000

Marking Bits: (ParMarkBitMap*) 0x000000005abc5aa0
 Begin Bits: [0x0000000012f50000, 0x0000000014750000)
 End Bits:   [0x0000000014750000, 0x0000000015f50000)

Polling page: 0x0000000001320000

CodeCache: size=245760Kb used=41368Kb max_used=41368Kb free=204391Kb
 bounds [0x0000000003280000, 0x0000000005b20000, 0x0000000012280000]
 total_blobs=13033 nmethods=12151 adapters=792
 compilation: enabled

Compilation events (10 events):
Event: 455.348 Thread 0x0000000016c1a000 nmethod 14393 0x0000000005b09290 code [0x0000000005b09400, 0x0000000005b09768]
Event: 455.348 Thread 0x0000000016c1a000 14394       1       com.sun.tools.javac.code.Type$TypeVar::getLowerBound (5 bytes)
Event: 455.348 Thread 0x0000000016c1a000 nmethod 14394 0x0000000005adb190 code [0x0000000005adb2e0, 0x0000000005adb3f0]
Event: 455.348 Thread 0x0000000016c1a000 14395       1       com.sun.tools.javac.code.Type$TypeVar::isCaptured (2 bytes)
Event: 455.348 Thread 0x0000000016c1a000 nmethod 14395 0x0000000005b09950 code [0x0000000005b09aa0, 0x0000000005b09bb0]
Event: 455.349 Thread 0x0000000016c1a000 14396       3       com.sun.tools.javac.code.Type$UndetVar::addBound (9 bytes)
Event: 455.349 Thread 0x0000000016c1a000 nmethod 14396 0x0000000005b09c10 code [0x0000000005b09d80, 0x0000000005b09f88]
Event: 455.349 Thread 0x0000000016c1a000 14397       3       com.sun.tools.javac.code.Type$UndetVar::addBound (108 bytes)
Event: 455.350 Thread 0x0000000016c1a000 nmethod 14397 0x0000000005b0a050 code [0x0000000005b0a300, 0x0000000005b0b768]
Event: 455.352 Thread 0x0000000016c1a000 14398       3       com.sun.tools.javac.comp.Resolve::mostSpecific (540 bytes)

GC Heap History (10 events):
Event: 102.595 GC heap before
{Heap before GC invocations=19 (full 3):
 PSYoungGen      total 140288K, used 134215K [0x00000000e0000000, 0x00000000eae00000, 0x0000000100000000)
  eden space 119296K, 100% used [0x00000000e0000000,0x00000000e7480000,0x00000000e7480000)
  from space 20992K, 71% used [0x00000000e7480000,0x00000000e8311cb0,0x00000000e8900000)
  to   space 21504K, 0% used [0x00000000e9900000,0x00000000e9900000,0x00000000eae00000)
 ParOldGen       total 156672K, used 33277K [0x00000000a0000000, 0x00000000a9900000, 0x00000000e0000000)
  object space 156672K, 21% used [0x00000000a0000000,0x00000000a207f400,0x00000000a9900000)
 Metaspace       used 67921K, capacity 70052K, committed 70272K, reserved 1110016K
  class space    used 8965K, capacity 9524K, committed 9600K, reserved 1048576K
Event: 102.719 GC heap after
Heap after GC invocations=19 (full 3):
 PSYoungGen      total 151552K, used 13394K [0x00000000e0000000, 0x00000000eab80000, 0x0000000100000000)
  eden space 132608K, 0% used [0x00000000e0000000,0x00000000e0000000,0x00000000e8180000)
  from space 18944K, 70% used [0x00000000e9900000,0x00000000ea614a60,0x00000000eab80000)
  to   space 21504K, 0% used [0x00000000e8180000,0x00000000e8180000,0x00000000e9680000)
 ParOldGen       total 156672K, used 33285K [0x00000000a0000000, 0x00000000a9900000, 0x00000000e0000000)
  object space 156672K, 21% used [0x00000000a0000000,0x00000000a2081400,0x00000000a9900000)
 Metaspace       used 67921K, capacity 70052K, committed 70272K, reserved 1110016K
  class space    used 8965K, capacity 9524K, committed 9600K, reserved 1048576K
}
Event: 397.140 GC heap before
{Heap before GC invocations=20 (full 3):
 PSYoungGen      total 151552K, used 146002K [0x00000000e0000000, 0x00000000eab80000, 0x0000000100000000)
  eden space 132608K, 100% used [0x00000000e0000000,0x00000000e8180000,0x00000000e8180000)
  from space 18944K, 70% used [0x00000000e9900000,0x00000000ea614a60,0x00000000eab80000)
  to   space 21504K, 0% used [0x00000000e8180000,0x00000000e8180000,0x00000000e9680000)
 ParOldGen       total 156672K, used 33285K [0x00000000a0000000, 0x00000000a9900000, 0x00000000e0000000)
  object space 156672K, 21% used [0x00000000a0000000,0x00000000a2081400,0x00000000a9900000)
 Metaspace       used 71382K, capacity 73994K, committed 74240K, reserved 1114112K
  class space    used 9306K, capacity 9954K, committed 9984K, reserved 1048576K
Event: 397.183 GC heap after
Heap after GC invocations=20 (full 3):
 PSYoungGen      total 154112K, used 16982K [0x00000000e0000000, 0x00000000eb600000, 0x0000000100000000)
  eden space 132608K, 0% used [0x00000000e0000000,0x00000000e0000000,0x00000000e8180000)
  from space 21504K, 78% used [0x00000000e8180000,0x00000000e9215b00,0x00000000e9680000)
  to   space 23040K, 0% used [0x00000000e9f80000,0x00000000e9f80000,0x00000000eb600000)
 ParOldGen       total 156672K, used 33293K [0x00000000a0000000, 0x00000000a9900000, 0x00000000e0000000)
  object space 156672K, 21% used [0x00000000a0000000,0x00000000a2083400,0x00000000a9900000)
 Metaspace       used 71382K, capacity 73994K, committed 74240K, reserved 1114112K
  class space    used 9306K, capacity 9954K, committed 9984K, reserved 1048576K
}
Event: 443.461 GC heap before
{Heap before GC invocations=21 (full 3):
 PSYoungGen      total 154112K, used 149590K [0x00000000e0000000, 0x00000000eb600000, 0x0000000100000000)
  eden space 132608K, 100% used [0x00000000e0000000,0x00000000e8180000,0x00000000e8180000)
  from space 21504K, 78% used [0x00000000e8180000,0x00000000e9215b00,0x00000000e9680000)
  to   space 23040K, 0% used [0x00000000e9f80000,0x00000000e9f80000,0x00000000eb600000)
 ParOldGen       total 156672K, used 33293K [0x00000000a0000000, 0x00000000a9900000, 0x00000000e0000000)
  object space 156672K, 21% used [0x00000000a0000000,0x00000000a2083400,0x00000000a9900000)
 Metaspace       used 73390K, capacity 76164K, committed 76416K, reserved 1116160K
  class space    used 9592K, capacity 10289K, committed 10368K, reserved 1048576K
Event: 443.486 GC heap after
Heap after GC invocations=21 (full 3):
 PSYoungGen      total 145408K, used 15827K [0x00000000e0000000, 0x00000000eaf00000, 0x0000000100000000)
  eden space 129536K, 0% used [0x00000000e0000000,0x00000000e0000000,0x00000000e7e80000)
  from space 15872K, 99% used [0x00000000e9f80000,0x00000000eaef4ec0,0x00000000eaf00000)
  to   space 23040K, 0% used [0x00000000e8200000,0x00000000e8200000,0x00000000e9880000)
 ParOldGen       total 156672K, used 33301K [0x00000000a0000000, 0x00000000a9900000, 0x00000000e0000000)
  object space 156672K, 21% used [0x00000000a0000000,0x00000000a2085400,0x00000000a9900000)
 Metaspace       used 73390K, capacity 76164K, committed 76416K, reserved 1116160K
  class space    used 9592K, capacity 10289K, committed 10368K, reserved 1048576K
}
Event: 447.368 GC heap before
{Heap before GC invocations=22 (full 3):
 PSYoungGen      total 145408K, used 145363K [0x00000000e0000000, 0x00000000eaf00000, 0x0000000100000000)
  eden space 129536K, 100% used [0x00000000e0000000,0x00000000e7e80000,0x00000000e7e80000)
  from space 15872K, 99% used [0x00000000e9f80000,0x00000000eaef4ec0,0x00000000eaf00000)
  to   space 23040K, 0% used [0x00000000e8200000,0x00000000e8200000,0x00000000e9880000)
 ParOldGen       total 156672K, used 33301K [0x00000000a0000000, 0x00000000a9900000, 0x00000000e0000000)
  object space 156672K, 21% used [0x00000000a0000000,0x00000000a2085400,0x00000000a9900000)
 Metaspace       used 75678K, capacity 78566K, committed 78720K, reserved 1118208K
  class space    used 9852K, capacity 10570K, committed 10624K, reserved 1048576K
Event: 447.392 GC heap after
Heap after GC invocations=22 (full 3):
 PSYoungGen      total 156160K, used 19419K [0x00000000e0000000, 0x00000000eb600000, 0x0000000100000000)
  eden space 133120K, 0% used [0x00000000e0000000,0x00000000e0000000,0x00000000e8200000)
  from space 23040K, 84% used [0x00000000e8200000,0x00000000e94f6d08,0x00000000e9880000)
  to   space 25088K, 0% used [0x00000000e9d80000,0x00000000e9d80000,0x00000000eb600000)
 ParOldGen       total 156672K, used 33309K [0x00000000a0000000, 0x00000000a9900000, 0x00000000e0000000)
  object space 156672K, 21% used [0x00000000a0000000,0x00000000a2087400,0x00000000a9900000)
 Metaspace       used 75678K, capacity 78566K, committed 78720K, reserved 1118208K
  class space    used 9852K, capacity 10570K, committed 10624K, reserved 1048576K
}
Event: 453.824 GC heap before
{Heap before GC invocations=23 (full 3):
 PSYoungGen      total 156160K, used 152539K [0x00000000e0000000, 0x00000000eb600000, 0x0000000100000000)
  eden space 133120K, 100% used [0x00000000e0000000,0x00000000e8200000,0x00000000e8200000)
  from space 23040K, 84% used [0x00000000e8200000,0x00000000e94f6d08,0x00000000e9880000)
  to   space 25088K, 0% used [0x00000000e9d80000,0x00000000e9d80000,0x00000000eb600000)
 ParOldGen       total 156672K, used 33309K [0x00000000a0000000, 0x00000000a9900000, 0x00000000e0000000)
  object space 156672K, 21% used [0x00000000a0000000,0x00000000a2087400,0x00000000a9900000)
 Metaspace       used 81174K, capacity 83992K, committed 84224K, reserved 1122304K
  class space    used 10483K, capacity 11155K, committed 11264K, reserved 1048576K
Event: 453.877 GC heap after
Heap after GC invocations=23 (full 3):
 PSYoungGen      total 153088K, used 25078K [0x00000000e0000000, 0x00000000eca00000, 0x0000000100000000)
  eden space 128000K, 0% used [0x00000000e0000000,0x00000000e0000000,0x00000000e7d00000)
  from space 25088K, 99% used [0x00000000e9d80000,0x00000000eb5fd9d8,0x00000000eb600000)
  to   space 33280K, 0% used [0x00000000e7d00000,0x00000000e7d00000,0x00000000e9d80000)
 ParOldGen       total 156672K, used 46545K [0x00000000a0000000, 0x00000000a9900000, 0x00000000e0000000)
  object space 156672K, 29% used [0x00000000a0000000,0x00000000a2d74670,0x00000000a9900000)
 Metaspace       used 81174K, capacity 83992K, committed 84224K, reserved 1122304K
  class space    used 10483K, capacity 11155K, committed 11264K, reserved 1048576K
}

Deoptimization events (10 events):
Event: 454.746 Thread 0x000000001bc1a000 Uncommon trap: reason=bimorphic action=maybe_recompile pc=0x00000000059dd56c method=com.sun.tools.javac.code.Types.capture(Lcom/sun/tools/javac/code/Type;)Lcom/sun/tools/javac/code/Type; @ 13
Event: 454.746 Thread 0x000000001bc1a000 Uncommon trap: reason=bimorphic action=maybe_recompile pc=0x00000000059dd56c method=com.sun.tools.javac.code.Types.capture(Lcom/sun/tools/javac/code/Type;)Lcom/sun/tools/javac/code/Type; @ 13
Event: 454.752 Thread 0x000000001bc1a000 Uncommon trap: reason=bimorphic action=maybe_recompile pc=0x0000000003dffb08 method=com.sun.tools.javac.code.Types$18.visitClassType(Lcom/sun/tools/javac/code/Type$ClassType;Ljava/lang/Void;)Lcom/sun/tools/javac/code/Type; @ 19
Event: 454.753 Thread 0x000000001bc1a000 Uncommon trap: reason=bimorphic action=maybe_recompile pc=0x00000000059dd56c method=com.sun.tools.javac.code.Types.capture(Lcom/sun/tools/javac/code/Type;)Lcom/sun/tools/javac/code/Type; @ 13
Event: 454.753 Thread 0x000000001bc1a000 Uncommon trap: reason=bimorphic action=maybe_recompile pc=0x00000000059dd56c method=com.sun.tools.javac.code.Types.capture(Lcom/sun/tools/javac/code/Type;)Lcom/sun/tools/javac/code/Type; @ 13
Event: 454.762 Thread 0x000000001bc1a000 Uncommon trap: reason=bimorphic action=maybe_recompile pc=0x0000000003dffb08 method=com.sun.tools.javac.code.Types$18.visitClassType(Lcom/sun/tools/javac/code/Type$ClassType;Ljava/lang/Void;)Lcom/sun/tools/javac/code/Type; @ 19
Event: 454.879 Thread 0x000000001bc1a000 Uncommon trap: reason=bimorphic action=maybe_recompile pc=0x0000000003dffb08 method=com.sun.tools.javac.code.Types$18.visitClassType(Lcom/sun/tools/javac/code/Type$ClassType;Ljava/lang/Void;)Lcom/sun/tools/javac/code/Type; @ 19
Event: 454.879 Thread 0x000000001bc1a000 Uncommon trap: reason=bimorphic action=maybe_recompile pc=0x0000000003dffb08 method=com.sun.tools.javac.code.Types$18.visitClassType(Lcom/sun/tools/javac/code/Type$ClassType;Ljava/lang/Void;)Lcom/sun/tools/javac/code/Type; @ 19
Event: 455.024 Thread 0x000000001bc1a000 Uncommon trap: reason=bimorphic action=maybe_recompile pc=0x00000000058ec468 method=com.sun.tools.javac.code.Types$18.visitClassType(Lcom/sun/tools/javac/code/Type$ClassType;Ljava/lang/Void;)Lcom/sun/tools/javac/code/Type; @ 19
Event: 455.069 Thread 0x000000001bc1a000 Uncommon trap: reason=unstable_if action=reinterpret pc=0x000000000573f398 method=com.sun.tools.javac.util.ListBuffer.append(Ljava/lang/Object;)Lcom/sun/tools/javac/util/ListBuffer; @ 9

Classes redefined (0 events):
No events

Internal exceptions (10 events):
Event: 447.929 Thread 0x000000001bc1c000 Exception <a 'sun/nio/fs/WindowsException'> (0x00000000e12640d8) thrown at [D:\src\AOSP-openjdk-cygwin\jdk8u\hotspot\src\share\vm\prims\jni.cpp, line 709]
Event: 447.940 Thread 0x000000001bc25000 Exception <a 'sun/nio/fs/WindowsException'> (0x00000000e1235b08) thrown at [D:\src\AOSP-openjdk-cygwin\jdk8u\hotspot\src\share\vm\prims\jni.cpp, line 709]
Event: 447.943 Thread 0x000000001bc22000 Exception <a 'sun/nio/fs/WindowsException'> (0x00000000e1272448) thrown at [D:\src\AOSP-openjdk-cygwin\jdk8u\hotspot\src\share\vm\prims\jni.cpp, line 709]
Event: 447.954 Thread 0x000000001bc1c000 Exception <a 'sun/nio/fs/WindowsException'> (0x00000000e1334ad0) thrown at [D:\src\AOSP-openjdk-cygwin\jdk8u\hotspot\src\share\vm\prims\jni.cpp, line 709]
Event: 447.956 Thread 0x000000001bc22000 Exception <a 'sun/nio/fs/WindowsException'> (0x00000000e131e330) thrown at [D:\src\AOSP-openjdk-cygwin\jdk8u\hotspot\src\share\vm\prims\jni.cpp, line 709]
Event: 447.962 Thread 0x000000001bc1a000 Exception <a 'sun/nio/fs/WindowsException'> (0x00000000e1019c40) thrown at [D:\src\AOSP-openjdk-cygwin\jdk8u\hotspot\src\share\vm\prims\jni.cpp, line 709]
Event: 447.966 Thread 0x000000001bc25000 Exception <a 'sun/nio/fs/WindowsException'> (0x00000000e12f0138) thrown at [D:\src\AOSP-openjdk-cygwin\jdk8u\hotspot\src\share\vm\prims\jni.cpp, line 709]
Event: 447.984 Thread 0x000000001bc23800 Exception <a 'sun/nio/fs/WindowsException'> (0x00000000e0b56ba0) thrown at [D:\src\AOSP-openjdk-cygwin\jdk8u\hotspot\src\share\vm\prims\jni.cpp, line 709]
Event: 449.835 Thread 0x000000001bc1a000 Exception <a 'java/lang/NoSuchMethodError': java.lang.Object.lambda$comparingInt$7b0bb60$1(Ljava/util/function/ToIntFunction;Ljava/lang/Object;Ljava/lang/Object;)I> (0x00000000e18407c0) thrown at [D:\src\AOSP-openjdk-cygwin\jdk8u\hotspot\src\share\vm\inte
Event: 453.920 Thread 0x000000001bc1a000 Implicit null exception at 0x00000000057687b5 to 0x0000000005768ea9

Events (10 events):
Event: 455.024 Thread 0x000000001bc1a000 DEOPT UNPACKING pc=0x00000000032c557b sp=0x0000000024ea82f8 mode 2
Event: 455.069 Thread 0x000000001bc1a000 Uncommon trap: trap_request=0xffffff65 fr.pc=0x000000000573f398
Event: 455.069 Thread 0x000000001bc1a000 DEOPT PACKING pc=0x000000000573f398 sp=0x0000000024ea9330
Event: 455.069 Thread 0x000000001bc1a000 DEOPT UNPACKING pc=0x00000000032c557b sp=0x0000000024ea92d0 mode 2
Event: 455.098 loading class com/sun/tools/javac/code/Types$Rewriter
Event: 455.098 loading class com/sun/tools/javac/code/Types$Rewriter done
Event: 455.101 loading class com/sun/tools/javac/code/Types$Adapter
Event: 455.101 loading class com/sun/tools/javac/code/Types$Adapter done
Event: 455.250 Executing VM operation: ForceSafepoint
Event: 455.251 Executing VM operation: ForceSafepoint done


Dynamic libraries:
0x00007ff762dd0000 - 0x00007ff762e01000 	C:\Program Files\Android\Android Studio\jre\bin\java.exe
0x00007fff5f6f0000 - 0x00007fff5f8d1000 	C:\WINDOWS\SYSTEM32\ntdll.dll
0x00007fff5cdf0000 - 0x00007fff5cea2000 	C:\WINDOWS\System32\KERNEL32.DLL
0x00007fff5bf80000 - 0x00007fff5c1f3000 	C:\WINDOWS\System32\KERNELBASE.dll
0x00007fff5cb80000 - 0x00007fff5cc21000 	C:\WINDOWS\System32\ADVAPI32.dll
0x00007fff5d100000 - 0x00007fff5d19e000 	C:\WINDOWS\System32\msvcrt.dll
0x00007fff5d2d0000 - 0x00007fff5d32b000 	C:\WINDOWS\System32\sechost.dll
0x00007fff5d1a0000 - 0x00007fff5d2c4000 	C:\WINDOWS\System32\RPCRT4.dll
0x00007fff5cc50000 - 0x00007fff5cde0000 	C:\WINDOWS\System32\USER32.dll
0x00007fff5bac0000 - 0x00007fff5bae0000 	C:\WINDOWS\System32\win32u.dll
0x00007fff5ceb0000 - 0x00007fff5ced8000 	C:\WINDOWS\System32\GDI32.dll
0x00007fff5c2d0000 - 0x00007fff5c462000 	C:\WINDOWS\System32\gdi32full.dll
0x00007fff5bb40000 - 0x00007fff5bbdf000 	C:\WINDOWS\System32\msvcp_win.dll
0x00007fff5be80000 - 0x00007fff5bf7a000 	C:\WINDOWS\System32\ucrtbase.dll
0x00007fff4d3c0000 - 0x00007fff4d629000 	C:\WINDOWS\WinSxS\amd64_microsoft.windows.common-controls_6595b64144ccf1df_6.0.17134.590_none_fb3d9bff3069e088\COMCTL32.dll
0x00007fff5df50000 - 0x00007fff5e272000 	C:\WINDOWS\System32\combase.dll
0x00007fff5c250000 - 0x00007fff5c2ca000 	C:\WINDOWS\System32\bcryptPrimitives.dll
0x00007fff5df20000 - 0x00007fff5df4d000 	C:\WINDOWS\System32\IMM32.DLL
0x000000005c900000 - 0x000000005c9d2000 	C:\Program Files\Android\Android Studio\jre\jre\bin\msvcr100.dll
0x000000005a400000 - 0x000000005ac41000 	C:\Program Files\Android\Android Studio\jre\jre\bin\server\jvm.dll
0x00007fff5dba0000 - 0x00007fff5dba8000 	C:\WINDOWS\System32\PSAPI.DLL
0x00007fff590d0000 - 0x00007fff590f3000 	C:\WINDOWS\SYSTEM32\WINMM.dll
0x00007fff4d730000 - 0x00007fff4d739000 	C:\WINDOWS\SYSTEM32\WSOCK32.dll
0x00007fff4d7c0000 - 0x00007fff4d7ca000 	C:\WINDOWS\SYSTEM32\VERSION.dll
0x00007fff5d010000 - 0x00007fff5d07c000 	C:\WINDOWS\System32\WS2_32.dll
0x00007fff590a0000 - 0x00007fff590ca000 	C:\WINDOWS\SYSTEM32\WINMMBASE.dll
0x00007fff5c200000 - 0x00007fff5c249000 	C:\WINDOWS\System32\cfgmgr32.dll
0x00007fff549b0000 - 0x00007fff549bf000 	C:\Program Files\Android\Android Studio\jre\jre\bin\verify.dll
0x00007fff52c70000 - 0x00007fff52c99000 	C:\Program Files\Android\Android Studio\jre\jre\bin\java.dll
0x00007fff548c0000 - 0x00007fff548d6000 	C:\Program Files\Android\Android Studio\jre\jre\bin\zip.dll
0x00007fff5e280000 - 0x00007fff5f6c0000 	C:\WINDOWS\System32\SHELL32.dll
0x00007fff5dbb0000 - 0x00007fff5dc59000 	C:\WINDOWS\System32\shcore.dll
0x00007fff5c470000 - 0x00007fff5cb7d000 	C:\WINDOWS\System32\windows.storage.dll
0x00007fff5dc60000 - 0x00007fff5dcb1000 	C:\WINDOWS\System32\shlwapi.dll
0x00007fff5ba20000 - 0x00007fff5ba31000 	C:\WINDOWS\System32\kernel.appcore.dll
0x00007fff5ba00000 - 0x00007fff5ba1f000 	C:\WINDOWS\System32\profapi.dll
0x00007fff5ba50000 - 0x00007fff5ba9c000 	C:\WINDOWS\System32\powrprof.dll
0x00007fff5ba40000 - 0x00007fff5ba4a000 	C:\WINDOWS\System32\FLTLIB.DLL
0x00007fff54000000 - 0x00007fff5401a000 	C:\Program Files\Android\Android Studio\jre\jre\bin\net.dll
0x00007fff5b220000 - 0x00007fff5b286000 	C:\WINDOWS\system32\mswsock.dll
0x00007fff53fa0000 - 0x00007fff53fb1000 	C:\Program Files\Android\Android Studio\jre\jre\bin\nio.dll
0x00007fff43bf0000 - 0x00007fff43c0e000 	C:\Users\nbangari\.gradle\native\25\windows-amd64\native-platform.dll
0x00007fff54920000 - 0x00007fff5492d000 	C:\Program Files\Android\Android Studio\jre\jre\bin\management.dll
0x00007fff5b3d0000 - 0x00007fff5b3e7000 	C:\WINDOWS\SYSTEM32\CRYPTSP.dll
0x00007fff5ae00000 - 0x00007fff5ae33000 	C:\WINDOWS\system32\rsaenh.dll
0x00007fff5b500000 - 0x00007fff5b525000 	C:\WINDOWS\SYSTEM32\bcrypt.dll
0x00007fff5b900000 - 0x00007fff5b928000 	C:\WINDOWS\SYSTEM32\USERENV.dll
0x00007fff5b3f0000 - 0x00007fff5b3fb000 	C:\WINDOWS\SYSTEM32\CRYPTBASE.dll
0x00007fff5afa0000 - 0x00007fff5afd8000 	C:\WINDOWS\SYSTEM32\IPHLPAPI.DLL
0x00007fff5d330000 - 0x00007fff5d338000 	C:\WINDOWS\System32\NSI.dll
0x00007fff51e70000 - 0x00007fff51e86000 	C:\WINDOWS\SYSTEM32\dhcpcsvc6.DLL
0x00007fff521c0000 - 0x00007fff521da000 	C:\WINDOWS\SYSTEM32\dhcpcsvc.DLL
0x00007fff52ad0000 - 0x00007fff52af4000 	C:\Program Files\Android\Android Studio\jre\jre\bin\sunec.dll
0x00007fff5afe0000 - 0x00007fff5b09e000 	C:\WINDOWS\SYSTEM32\DNSAPI.dll
0x00007fff4ea20000 - 0x00007fff4ea2a000 	C:\Windows\System32\rasadhlp.dll
0x00007fff4ef90000 - 0x00007fff4f002000 	C:\WINDOWS\System32\fwpuclnt.dll
0x00007fff52d40000 - 0x00007fff52d4b000 	C:\Program Files\Android\Android Studio\jre\jre\bin\sunmscapi.dll
0x00007fff5bbe0000 - 0x00007fff5bdc2000 	C:\WINDOWS\System32\CRYPT32.dll
0x00007fff5baa0000 - 0x00007fff5bab2000 	C:\WINDOWS\System32\MSASN1.dll
0x00007fff5aaf0000 - 0x00007fff5ab21000 	C:\WINDOWS\SYSTEM32\ntmarta.dll

VM Arguments:
jvm_args: -Xmx1536m -Dfile.encoding=windows-1252 -Duser.country=US -Duser.language=en -Duser.variant 
java_command: org.gradle.launcher.daemon.bootstrap.GradleDaemon 4.10.1
java_class_path (initial): C:\Users\nbangari\.gradle\wrapper\dists\gradle-4.10.1-all\455itskqi2qtf0v2sja68alqd\gradle-4.10.1\lib\gradle-launcher-4.10.1.jar
Launcher Type: SUN_STANDARD

Environment Variables:
PATH=C:\ProgramData\Oracle\Java\javapath;C:\WINDOWS\system32;C:\WINDOWS;C:\WINDOWS\System32\Wbem;C:\WINDOWS\System32\WindowsPowerShell\v1.0\;C:\Program Files (x86)\PuTTY\;C:\WINDOWS\System32\OpenSSH\;C:\Program Files\Git\cmd;C:\Users\nbangari\Anaconda3;C:\Users\nbangari\Anaconda3\Scripts;C:\Users\nbangari\Anaconda3\Library\bin;C:\Users\nbangari\AppData\Local\Microsoft\WindowsApps;C:\Program Files\Microsoft VS Code\bin;C:\Users\nbangari\AppData\Local\Microsoft\WindowsApps;C:\Program Files\Java\jdk1.8.0_121\bin
USERNAME=nbangari
OS=Windows_NT
PROCESSOR_IDENTIFIER=Intel64 Family 6 Model 142 Stepping 9, GenuineIntel



---------------  S Y S T E M  ---------------

OS: Windows 10.0 , 64 bit Build 17134 (10.0.17134.556)

CPU:total 4 (initial active 4) (2 cores per cpu, 2 threads per core) family 6 model 142 stepping 9, cmov, cx8, fxsr, mmx, sse, sse2, sse3, ssse3, sse4.1, sse4.2, popcnt, avx, avx2, aes, clmul, erms, 3dnowpref, lzcnt, ht, tsc, tscinvbit, bmi1, bmi2, adx

Memory: 4k page, physical 8272208k(1302988k free), swap 10222928k(4204k free)

vm_info: OpenJDK 64-Bit Server VM (25.152-b01) for windows-amd64 JRE (1.8.0_152-release-1248-b01), built by "builder" with MS VC++ 10.0 (VS2010)

time: Thu Feb 28 20:22:42 2019
elapsed time: 455 seconds (0d 0h 7m 35s)

