#
# There is insufficient memory for the Java Runtime Environment to continue.
# Native memory allocation (malloc) failed to allocate 1042976 bytes for Chunk::new
# Possible reasons:
#   The system is out of physical RAM or swap space
#   In 32 bit mode, the process size limit was hit
# Possible solutions:
#   Reduce memory load on the system
#   Increase physical memory or swap space
#   Check if swap backing store is full
#   Use 64 bit Java on a 64 bit OS
#   Decrease Java heap size (-Xmx/-Xms)
#   Decrease number of Java threads
#   Decrease Java thread stack sizes (-Xss)
#   Set larger code cache with -XX:ReservedCodeCacheSize=
# This output file may be truncated or incomplete.
#
#  Out of Memory Error (allocation.cpp:390), pid=15644, tid=0x0000000000002b00
#
# JRE version: OpenJDK Runtime Environment (8.0_152-b01) (build 1.8.0_152-release-1248-b01)
# Java VM: OpenJDK 64-Bit Server VM (25.152-b01 mixed mode windows-amd64 compressed oops)
# Failed to write core dump. Minidumps are not enabled by default on client versions of Windows
#

---------------  T H R E A D  ---------------

Current thread (0x00000000168b2000):  JavaThread "C2 CompilerThread1" daemon [_thread_in_native, id=11008, stack(0x0000000018010000,0x0000000018110000)]

Stack: [0x0000000018010000,0x0000000018110000]
[error occurred during error reporting (printing stack bounds), id 0xc0000005]

Native frames: (J=compiled Java code, j=interpreted, Vv=VM code, C=native code)


Current CompileTask:
C2:7146303 26976 % !   4       com.android.ide.common.resources.DataMerger::mergeData @ 247 (611 bytes)


---------------  P R O C E S S  ---------------

Java Threads: ( => current thread )
  0x000000001f42a000 JavaThread "ForkJoinPool.commonPool-worker-2" daemon [_thread_blocked, id=13944, stack(0x0000000035f60000,0x0000000036060000)]
  0x000000001f42d800 JavaThread "Cache worker for Build Output Cleanup Cache (C:\Users\nbangari\StudioProjects\Team29-PersonalBest\.gradle\buildOutputCleanup)" [_thread_blocked, id=8024, stack(0x0000000035e60000,0x0000000035f60000)]
  0x000000001f429000 JavaThread "Build operations Thread 4" [_thread_blocked, id=5744, stack(0x0000000035860000,0x0000000035960000)]
  0x000000001f42b800 JavaThread "Build operations Thread 3" [_thread_blocked, id=8028, stack(0x0000000035760000,0x0000000035860000)]
  0x000000001f427000 JavaThread "Build operations Thread 2" [_thread_blocked, id=10972, stack(0x0000000035660000,0x0000000035760000)]
  0x000000001f42a800 JavaThread "Build operations" [_thread_blocked, id=14156, stack(0x0000000035560000,0x0000000035660000)]
  0x000000001da4c000 JavaThread "Cache worker for cache directory md-rule (C:\Users\nbangari\.gradle\caches\4.10.1\md-rule)" [_thread_blocked, id=9668, stack(0x0000000035460000,0x0000000035560000)]
  0x000000001da4b800 JavaThread "Cache worker for cache directory md-supplier (C:\Users\nbangari\.gradle\caches\4.10.1\md-supplier)" [_thread_blocked, id=15520, stack(0x0000000035360000,0x0000000035460000)]
  0x000000001da4f000 JavaThread "Cache worker for file hash cache (C:\Users\nbangari\StudioProjects\Team29-PersonalBest\.gradle\4.10.1\fileHashes)" [_thread_blocked, id=2944, stack(0x0000000035260000,0x0000000035360000)]
  0x000000001da44000 JavaThread "Stdin handler" [_thread_blocked, id=7812, stack(0x0000000035160000,0x0000000035260000)]
  0x000000001da47000 JavaThread "Asynchronous log dispatcher for DefaultDaemonConnection: socket connection from /127.0.0.1:58415 to /127.0.0.1:49952" [_thread_blocked, id=7600, stack(0x0000000035060000,0x0000000035160000)]
  0x000000001da45800 JavaThread "Daemon worker Thread 6" [_thread_in_native, id=16232, stack(0x0000000034f60000,0x0000000035060000)]
  0x000000001da43000 JavaThread "Cancel handler" [_thread_blocked, id=15092, stack(0x0000000034e60000,0x0000000034f60000)]
  0x000000001da48800 JavaThread "Handler for socket connection from /127.0.0.1:58415 to /127.0.0.1:49952" [_thread_in_native, id=13964, stack(0x0000000034d60000,0x0000000034e60000)]
  0x000000001da4a000 JavaThread "Daemon Thread 6" [_thread_blocked, id=232, stack(0x0000000034c60000,0x0000000034d60000)]
  0x0000000019dab000 JavaThread "Cache worker for Java compile cache (C:\Users\nbangari\.gradle\caches\4.10.1\javaCompile)" [_thread_blocked, id=10732, stack(0x00000000279c0000,0x0000000027ac0000)]
  0x0000000019da4000 JavaThread "MarlinRenderer Disposer" daemon [_thread_blocked, id=8608, stack(0x00000000270c0000,0x00000000271c0000)]
  0x0000000019da8800 JavaThread "Java2D Disposer" daemon [_thread_blocked, id=12360, stack(0x0000000026fc0000,0x00000000270c0000)]
  0x000000001da4e800 JavaThread "Cache worker for file content cache (C:\Users\nbangari\.gradle\caches\4.10.1\fileContent)" [_thread_blocked, id=7780, stack(0x00000000262c0000,0x00000000263c0000)]
  0x000000001da44800 JavaThread "Memory manager" [_thread_blocked, id=15828, stack(0x0000000023930000,0x0000000023a30000)]
  0x000000001b0ae800 JavaThread "Cache worker for Artifact transforms cache (C:\Users\nbangari\.gradle\caches\transforms-1)" [_thread_blocked, id=5068, stack(0x0000000021260000,0x0000000021360000)]
  0x000000001b0af000 JavaThread "Cache worker for journal cache (C:\Users\nbangari\.gradle\caches\journal-1)" [_thread_blocked, id=8104, stack(0x000000001d500000,0x000000001d600000)]
  0x000000001b0a6000 JavaThread "File lock request listener" [_thread_in_native, id=9124, stack(0x000000001c330000,0x000000001c430000)]
  0x000000001b0a5000 JavaThread "Cache worker for file hash cache (C:\Users\nbangari\.gradle\caches\4.10.1\fileHashes)" [_thread_blocked, id=12076, stack(0x000000001c230000,0x000000001c330000)]
  0x000000001981f800 JavaThread "Daemon periodic checks" [_thread_blocked, id=11252, stack(0x000000001a760000,0x000000001a860000)]
  0x000000001981f000 JavaThread "Incoming local TCP Connector on port 58415" [_thread_in_native, id=5056, stack(0x000000001a520000,0x000000001a620000)]
  0x0000000018228800 JavaThread "Service Thread" daemon [_thread_blocked, id=6744, stack(0x0000000018610000,0x0000000018710000)]
  0x00000000168bc000 JavaThread "C1 CompilerThread2" daemon [_thread_blocked, id=13612, stack(0x0000000018110000,0x0000000018210000)]
=>0x00000000168b2000 JavaThread "C2 CompilerThread1" daemon [_thread_in_native, id=11008, stack(0x0000000018010000,0x0000000018110000)]
  0x00000000168aa800 JavaThread "C2 CompilerThread0" daemon [_thread_in_native, id=13432, stack(0x0000000017f10000,0x0000000018010000)]
  0x00000000168b8000 JavaThread "Attach Listener" daemon [_thread_blocked, id=7496, stack(0x0000000017e10000,0x0000000017f10000)]
  0x00000000168b7000 JavaThread "Signal Dispatcher" daemon [_thread_blocked, id=16272, stack(0x0000000017d10000,0x0000000017e10000)]
  0x0000000016897800 JavaThread "Finalizer" daemon [_thread_blocked, id=14504, stack(0x0000000017b20000,0x0000000017c20000)]
  0x0000000002f34000 JavaThread "Reference Handler" daemon [_thread_blocked, id=15404, stack(0x0000000017a20000,0x0000000017b20000)]
  0x0000000000f1e800 JavaThread "main" [_thread_blocked, id=13124, stack(0x0000000002d40000,0x0000000002e40000)]

Other Threads:
  0x0000000016877000 VMThread [stack: 0x0000000017920000,0x0000000017a20000] [id=16216]
  0x000000001690e000 WatcherThread [stack: 0x0000000018710000,0x0000000018810000] [id=12124]

VM state:synchronizing (normal execution)

VM Mutex/Monitor currently owned by a thread:  ([mutex/lock_event])
[0x0000000000f1cff0] Safepoint_lock - owner thread: 0x0000000016877000
[0x0000000000f1d6f0] Threads_lock - owner thread: 0x0000000016877000

Heap:
 PSYoungGen      total 452096K, used 404316K [0x00000000e0000000, 0x0000000100000000, 0x0000000100000000)
  eden space 424960K, 88% used [0x00000000e0000000,0x00000000f70d3a90,0x00000000f9f00000)
  from space 27136K, 98% used [0x00000000f9f00000,0x00000000fb9035e0,0x00000000fb980000)
  to   space 50176K, 0% used [0x00000000fcf00000,0x00000000fcf00000,0x0000000100000000)
 ParOldGen       total 206336K, used 81376K [0x00000000a0000000, 0x00000000ac980000, 0x00000000e0000000)
  object space 206336K, 39% used [0x00000000a0000000,0x00000000a4f782a8,0x00000000ac980000)
 Metaspace       used 103122K, capacity 107416K, committed 107672K, reserved 1142784K
  class space    used 12747K, capacity 13619K, committed 13720K, reserved 1048576K

Card table byte_map: [0x0000000012300000,0x0000000012610000] byte_map_base: 0x0000000011e00000

Marking Bits: (ParMarkBitMap*) 0x000000005aaf5aa0
 Begin Bits: [0x0000000012c10000, 0x0000000014410000)
 End Bits:   [0x0000000014410000, 0x0000000015c10000)

Polling page: 0x0000000000bf0000

CodeCache: size=245760Kb used=72599Kb max_used=72622Kb free=173160Kb
 bounds [0x0000000002f40000, 0x00000000076a0000, 0x0000000011f40000]
 total_blobs=21671 nmethods=20635 adapters=947
 compilation: enabled

Compilation events (10 events):
Event: 7144.715 Thread 0x00000000168aa800 nmethod 26985 0x0000000007672190 code [0x0000000007672300, 0x0000000007672758]
Event: 7144.715 Thread 0x00000000168aa800 26987       4       com.android.ide.common.resources.NodeUtils::duplicateNode (315 bytes)
Event: 7144.844 Thread 0x00000000168bc000 26992       1       java.lang.Throwable::getMessage (5 bytes)
Event: 7144.844 Thread 0x00000000168bc000 nmethod 26992 0x000000000766ef90 code [0x000000000766f0e0, 0x000000000766f1f0]
Event: 7144.853 Thread 0x00000000168bc000 26993       1       java.lang.StackTraceElement::getLineNumber (5 bytes)
Event: 7144.854 Thread 0x00000000168bc000 nmethod 26993 0x0000000005caab50 code [0x0000000005caaca0, 0x0000000005caadb0]
Event: 7144.854 Thread 0x00000000168bc000 26994       1       java.lang.StackTraceElement::getFileName (5 bytes)
Event: 7144.855 Thread 0x00000000168bc000 nmethod 26994 0x0000000004d3ebd0 code [0x0000000004d3ed20, 0x0000000004d3ee30]
Event: 7144.855 Thread 0x00000000168bc000 26995       3       org.codehaus.groovy.runtime.StackTraceUtils::isApplicationClass (84 bytes)
Event: 7144.857 Thread 0x00000000168bc000 nmethod 26995 0x000000000368fc50 code [0x000000000368fe40, 0x0000000003690778]

GC Heap History (10 events):
Event: 972.614 GC heap before
{Heap before GC invocations=45 (full 4):
 PSYoungGen      total 483328K, used 454907K [0x00000000e0000000, 0x00000000ffb80000, 0x0000000100000000)
  eden space 451072K, 100% used [0x00000000e0000000,0x00000000fb880000,0x00000000fb880000)
  from space 32256K, 11% used [0x00000000fdc00000,0x00000000fdfbedf8,0x00000000ffb80000)
  to   space 34304K, 0% used [0x00000000fb880000,0x00000000fb880000,0x00000000fda00000)
 ParOldGen       total 206336K, used 61048K [0x00000000a0000000, 0x00000000ac980000, 0x00000000e0000000)
  object space 206336K, 29% used [0x00000000a0000000,0x00000000a3b9e3f8,0x00000000ac980000)
 Metaspace       used 99933K, capacity 103654K, committed 103960K, reserved 1140736K
  class space    used 12455K, capacity 13225K, committed 13336K, reserved 1048576K
Event: 972.766 GC heap after
Heap after GC invocations=45 (full 4):
 PSYoungGen      total 485376K, used 34279K [0x00000000e0000000, 0x0000000100000000, 0x0000000100000000)
  eden space 451072K, 0% used [0x00000000e0000000,0x00000000e0000000,0x00000000fb880000)
  from space 34304K, 99% used [0x00000000fb880000,0x00000000fd9f9ff0,0x00000000fda00000)
  to   space 38912K, 0% used [0x00000000fda00000,0x00000000fda00000,0x0000000100000000)
 ParOldGen       total 206336K, used 79908K [0x00000000a0000000, 0x00000000ac980000, 0x00000000e0000000)
  object space 206336K, 38% used [0x00000000a0000000,0x00000000a4e09278,0x00000000ac980000)
 Metaspace       used 99933K, capacity 103654K, committed 103960K, reserved 1140736K
  class space    used 12455K, capacity 13225K, committed 13336K, reserved 1048576K
}
Event: 1000.331 GC heap before
{Heap before GC invocations=46 (full 4):
 PSYoungGen      total 485376K, used 485351K [0x00000000e0000000, 0x0000000100000000, 0x0000000100000000)
  eden space 451072K, 100% used [0x00000000e0000000,0x00000000fb880000,0x00000000fb880000)
  from space 34304K, 99% used [0x00000000fb880000,0x00000000fd9f9ff0,0x00000000fda00000)
  to   space 38912K, 0% used [0x00000000fda00000,0x00000000fda00000,0x0000000100000000)
 ParOldGen       total 206336K, used 79908K [0x00000000a0000000, 0x00000000ac980000, 0x00000000e0000000)
  object space 206336K, 38% used [0x00000000a0000000,0x00000000a4e09278,0x00000000ac980000)
 Metaspace       used 100989K, capacity 104966K, committed 105112K, reserved 1140736K
  class space    used 12589K, capacity 13387K, committed 13464K, reserved 1048576K
Event: 1000.393 GC heap after
Heap after GC invocations=46 (full 4):
 PSYoungGen      total 467968K, used 21611K [0x00000000e0000000, 0x0000000100000000, 0x0000000100000000)
  eden space 429056K, 0% used [0x00000000e0000000,0x00000000e0000000,0x00000000fa300000)
  from space 38912K, 55% used [0x00000000fda00000,0x00000000fef1ae38,0x0000000100000000)
  to   space 47616K, 0% used [0x00000000fa300000,0x00000000fa300000,0x00000000fd180000)
 ParOldGen       total 206336K, used 81304K [0x00000000a0000000, 0x00000000ac980000, 0x00000000e0000000)
  object space 206336K, 39% used [0x00000000a0000000,0x00000000a4f662a8,0x00000000ac980000)
 Metaspace       used 100989K, capacity 104966K, committed 105112K, reserved 1140736K
  class space    used 12589K, capacity 13387K, committed 13464K, reserved 1048576K
}
Event: 3795.643 GC heap before
{Heap before GC invocations=47 (full 4):
 PSYoungGen      total 467968K, used 450667K [0x00000000e0000000, 0x0000000100000000, 0x0000000100000000)
  eden space 429056K, 100% used [0x00000000e0000000,0x00000000fa300000,0x00000000fa300000)
  from space 38912K, 55% used [0x00000000fda00000,0x00000000fef1ae38,0x0000000100000000)
  to   space 47616K, 0% used [0x00000000fa300000,0x00000000fa300000,0x00000000fd180000)
 ParOldGen       total 206336K, used 81304K [0x00000000a0000000, 0x00000000ac980000, 0x00000000e0000000)
  object space 206336K, 39% used [0x00000000a0000000,0x00000000a4f662a8,0x00000000ac980000)
 Metaspace       used 102127K, capacity 106380K, committed 106520K, reserved 1142784K
  class space    used 12675K, capacity 13507K, committed 13592K, reserved 1048576K
Event: 3795.822 GC heap after
Heap after GC invocations=47 (full 4):
 PSYoungGen      total 458240K, used 28959K [0x00000000e0000000, 0x0000000100000000, 0x0000000100000000)
  eden space 429056K, 0% used [0x00000000e0000000,0x00000000e0000000,0x00000000fa300000)
  from space 29184K, 99% used [0x00000000fa300000,0x00000000fbf47fa8,0x00000000fbf80000)
  to   space 49664K, 0% used [0x00000000fcf80000,0x00000000fcf80000,0x0000000100000000)
 ParOldGen       total 206336K, used 81312K [0x00000000a0000000, 0x00000000ac980000, 0x00000000e0000000)
  object space 206336K, 39% used [0x00000000a0000000,0x00000000a4f682a8,0x00000000ac980000)
 Metaspace       used 102127K, capacity 106380K, committed 106520K, reserved 1142784K
  class space    used 12675K, capacity 13507K, committed 13592K, reserved 1048576K
}
Event: 3800.197 GC heap before
{Heap before GC invocations=48 (full 4):
 PSYoungGen      total 458240K, used 458015K [0x00000000e0000000, 0x0000000100000000, 0x0000000100000000)
  eden space 429056K, 100% used [0x00000000e0000000,0x00000000fa300000,0x00000000fa300000)
  from space 29184K, 99% used [0x00000000fa300000,0x00000000fbf47fa8,0x00000000fbf80000)
  to   space 49664K, 0% used [0x00000000fcf80000,0x00000000fcf80000,0x0000000100000000)
 ParOldGen       total 206336K, used 81312K [0x00000000a0000000, 0x00000000ac980000, 0x00000000e0000000)
  object space 206336K, 39% used [0x00000000a0000000,0x00000000a4f682a8,0x00000000ac980000)
 Metaspace       used 102512K, capacity 106794K, committed 107032K, reserved 1142784K
  class space    used 12696K, capacity 13552K, committed 13592K, reserved 1048576K
Event: 3800.399 GC heap after
Heap after GC invocations=48 (full 4):
 PSYoungGen      total 474624K, used 26151K [0x00000000e0000000, 0x0000000100000000, 0x0000000100000000)
  eden space 424960K, 0% used [0x00000000e0000000,0x00000000e0000000,0x00000000f9f00000)
  from space 49664K, 52% used [0x00000000fcf80000,0x00000000fe909fe8,0x0000000100000000)
  to   space 49664K, 0% used [0x00000000f9f00000,0x00000000f9f00000,0x00000000fcf80000)
 ParOldGen       total 206336K, used 81344K [0x00000000a0000000, 0x00000000ac980000, 0x00000000e0000000)
  object space 206336K, 39% used [0x00000000a0000000,0x00000000a4f702a8,0x00000000ac980000)
 Metaspace       used 102512K, capacity 106794K, committed 107032K, reserved 1142784K
  class space    used 12696K, capacity 13552K, committed 13592K, reserved 1048576K
}
Event: 3810.798 GC heap before
{Heap before GC invocations=49 (full 4):
 PSYoungGen      total 474624K, used 450678K [0x00000000e0000000, 0x0000000100000000, 0x0000000100000000)
  eden space 424960K, 99% used [0x00000000e0000000,0x00000000f9e93b08,0x00000000f9f00000)
  from space 49664K, 52% used [0x00000000fcf80000,0x00000000fe909fe8,0x0000000100000000)
  to   space 49664K, 0% used [0x00000000f9f00000,0x00000000f9f00000,0x00000000fcf80000)
 ParOldGen       total 206336K, used 81344K [0x00000000a0000000, 0x00000000ac980000, 0x00000000e0000000)
  object space 206336K, 39% used [0x00000000a0000000,0x00000000a4f702a8,0x00000000ac980000)
 Metaspace       used 102900K, capacity 107168K, committed 107288K, reserved 1142784K
  class space    used 12729K, capacity 13589K, committed 13592K, reserved 1048576K
Event: 3810.897 GC heap after
Heap after GC invocations=49 (full 4):
 PSYoungGen      total 452096K, used 26637K [0x00000000e0000000, 0x0000000100000000, 0x0000000100000000)
  eden space 424960K, 0% used [0x00000000e0000000,0x00000000e0000000,0x00000000f9f00000)
  from space 27136K, 98% used [0x00000000f9f00000,0x00000000fb9035e0,0x00000000fb980000)
  to   space 50176K, 0% used [0x00000000fcf00000,0x00000000fcf00000,0x0000000100000000)
 ParOldGen       total 206336K, used 81376K [0x00000000a0000000, 0x00000000ac980000, 0x00000000e0000000)
  object space 206336K, 39% used [0x00000000a0000000,0x00000000a4f782a8,0x00000000ac980000)
 Metaspace       used 102900K, capacity 107168K, committed 107288K, reserved 1142784K
  class space    used 12729K, capacity 13589K, committed 13592K, reserved 1048576K
}

Deoptimization events (10 events):
Event: 7144.142 Thread 0x000000001f42c000 Uncommon trap: reason=class_check action=maybe_recompile pc=0x0000000003788d34 method=com.sun.org.apache.xerces.internal.dom.NamedNodeMapImpl.getNamedItemNS(Ljava/lang/String;Ljava/lang/String;)Lorg/w3c/dom/Node; @ 28
Event: 7144.142 Thread 0x000000001f42c000 Uncommon trap: reason=class_check action=maybe_recompile pc=0x0000000003788d34 method=com.sun.org.apache.xerces.internal.dom.NamedNodeMapImpl.getNamedItemNS(Ljava/lang/String;Ljava/lang/String;)Lorg/w3c/dom/Node; @ 28
Event: 7144.142 Thread 0x000000001f42c000 Uncommon trap: reason=class_check action=maybe_recompile pc=0x0000000003788d34 method=com.sun.org.apache.xerces.internal.dom.NamedNodeMapImpl.getNamedItemNS(Ljava/lang/String;Ljava/lang/String;)Lorg/w3c/dom/Node; @ 28
Event: 7144.217 Thread 0x000000001f42c000 Uncommon trap: reason=null_check action=make_not_entrant pc=0x000000000589a658 method=com.sun.org.apache.xerces.internal.dom.NamedNodeMapImpl.findNamePoint(Ljava/lang/String;Ljava/lang/String;)I @ 76
Event: 7144.217 Thread 0x000000001f42c000 Uncommon trap: reason=null_check action=make_not_entrant pc=0x00000000072d7f04 method=com.sun.org.apache.xerces.internal.dom.NamedNodeMapImpl.findNamePoint(Ljava/lang/String;Ljava/lang/String;)I @ 76
Event: 7144.288 Thread 0x000000001f42c000 Uncommon trap: reason=unstable_if action=reinterpret pc=0x000000000316c66c method=java.lang.Integer.parseInt(Ljava/lang/String;I)I @ 122
Event: 7144.788 Thread 0x000000001f42c000 Uncommon trap: reason=unloaded action=reinterpret pc=0x0000000004be7500 method=sun.nio.fs.WindowsDirectoryStream$WindowsDirectoryIterator.readNextEntry()Ljava/nio/file/Path; @ 114
Event: 7144.798 Thread 0x000000001f42c000 Uncommon trap: reason=unloaded action=reinterpret pc=0x0000000005f0c6dc method=java.nio.file.FileTreeWalker.next()Ljava/nio/file/FileTreeWalker$Event; @ 59
Event: 7144.798 Thread 0x000000001f42c000 Uncommon trap: reason=unstable_if action=reinterpret pc=0x00000000069039fc method=org.gradle.api.internal.changedetection.state.mirror.MirrorUpdatingDirectoryWalker$1.isNotFileSystemLoopException(Ljava/io/IOException;)Z @ 1
Event: 7144.857 Thread 0x000000001da45800 Uncommon trap: reason=bimorphic action=maybe_recompile pc=0x0000000004081b1c method=org.gradle.internal.logging.text.AbstractStyledTextOutput.text(Ljava/lang/Object;)Lorg/gradle/internal/logging/text/StyledTextOutput; @ 11

Classes redefined (0 events):
No events

Internal exceptions (10 events):
Event: 3805.349 Thread 0x000000001f433800 Implicit null exception at 0x000000000593488b to 0x000000000593575d
Event: 3806.603 Thread 0x0000000019db0000 Implicit null exception at 0x0000000004a2f8d4 to 0x0000000004a302ad
Event: 3811.236 Thread 0x000000001f42a800 Implicit null exception at 0x00000000037911e0 to 0x000000000379141d
Event: 3811.237 Thread 0x000000001f42a800 Implicit null exception at 0x00000000061445be to 0x00000000061446b5
Event: 3811.416 Thread 0x000000001f42a800 Implicit null exception at 0x0000000003d036a5 to 0x0000000003d039f9
Event: 3811.421 Thread 0x000000001f42a800 Implicit null exception at 0x000000000378817f to 0x00000000037894d1
Event: 7142.171 Thread 0x000000001da45800 Exception <a 'sun/nio/fs/WindowsException'> (0x00000000f1af5860) thrown at [D:\src\AOSP-openjdk-cygwin\jdk8u\hotspot\src\share\vm\prims\jni.cpp, line 709]
Event: 7144.217 Thread 0x000000001f42c000 Implicit null exception at 0x000000000589a260 to 0x000000000589a635
Event: 7144.217 Thread 0x000000001f42c000 Implicit null exception at 0x00000000072d79cb to 0x00000000072d7ed5
Event: 7144.785 Thread 0x000000001f42c000 Exception <a 'sun/nio/fs/WindowsException'> (0x00000000f6d2ad48) thrown at [D:\src\AOSP-openjdk-cygwin\jdk8u\hotspot\src\share\vm\prims\jni.cpp, line 709]

Events (10 events):
Event: 7144.860 Executing VM operation: Deoptimize
Event: 7144.863 Executing VM operation: Deoptimize done
Event: 7144.865 Thread 0x000000001f42a000 Thread added: 0x000000001f42a000
Event: 7144.875 Executing VM operation: RevokeBias
Event: 7144.878 Executing VM operation: RevokeBias done
Event: 7144.879 Executing VM operation: RevokeBias
Event: 7144.879 Executing VM operation: RevokeBias done
Event: 7144.880 Executing VM operation: RevokeBias
Event: 7144.880 Executing VM operation: RevokeBias done
Event: 7144.881 Thread 0x000000001f42e800 Thread exited: 0x000000001f42e800


Dynamic libraries:
0x00007ff6b3aa0000 - 0x00007ff6b3ad1000 	C:\Program Files\Android\Android Studio\jre\bin\java.exe
0x00007ffff9b30000 - 0x00007ffff9d11000 	C:\WINDOWS\SYSTEM32\ntdll.dll
0x00007ffff79a0000 - 0x00007ffff7a52000 	C:\WINDOWS\System32\KERNEL32.DLL
0x00007ffff6210000 - 0x00007ffff6483000 	C:\WINDOWS\System32\KERNELBASE.dll
0x00007ffff9720000 - 0x00007ffff97c1000 	C:\WINDOWS\System32\ADVAPI32.dll
0x00007ffff76a0000 - 0x00007ffff773e000 	C:\WINDOWS\System32\msvcrt.dll
0x00007ffff6ff0000 - 0x00007ffff704b000 	C:\WINDOWS\System32\sechost.dll
0x00007ffff97d0000 - 0x00007ffff98f4000 	C:\WINDOWS\System32\RPCRT4.dll
0x00007ffff7740000 - 0x00007ffff78d0000 	C:\WINDOWS\System32\USER32.dll
0x00007ffff61f0000 - 0x00007ffff6210000 	C:\WINDOWS\System32\win32u.dll
0x00007ffff6fc0000 - 0x00007ffff6fe8000 	C:\WINDOWS\System32\GDI32.dll
0x00007ffff6490000 - 0x00007ffff6622000 	C:\WINDOWS\System32\gdi32full.dll
0x00007ffff6150000 - 0x00007ffff61ef000 	C:\WINDOWS\System32\msvcp_win.dll
0x00007ffff6e10000 - 0x00007ffff6f0a000 	C:\WINDOWS\System32\ucrtbase.dll
0x00007fffe7200000 - 0x00007fffe7469000 	C:\WINDOWS\WinSxS\amd64_microsoft.windows.common-controls_6595b64144ccf1df_6.0.17134.523_none_fb409dd930672a56\COMCTL32.dll
0x00007ffff7ac0000 - 0x00007ffff7de2000 	C:\WINDOWS\System32\combase.dll
0x00007ffff6d90000 - 0x00007ffff6e0a000 	C:\WINDOWS\System32\bcryptPrimitives.dll
0x00007ffff9910000 - 0x00007ffff993d000 	C:\WINDOWS\System32\IMM32.DLL
0x000000005b7f0000 - 0x000000005b8c2000 	C:\Program Files\Android\Android Studio\jre\jre\bin\msvcr100.dll
0x000000005a330000 - 0x000000005ab71000 	C:\Program Files\Android\Android Studio\jre\jre\bin\server\jvm.dll
0x00007ffff9900000 - 0x00007ffff9908000 	C:\WINDOWS\System32\PSAPI.DLL
0x00007fffe7b40000 - 0x00007fffe7b49000 	C:\WINDOWS\SYSTEM32\WSOCK32.dll
0x00007ffff2c80000 - 0x00007ffff2ca3000 	C:\WINDOWS\SYSTEM32\WINMM.dll
0x00007ffff7f50000 - 0x00007ffff7fbc000 	C:\WINDOWS\System32\WS2_32.dll
0x00007fffe7b50000 - 0x00007fffe7b5a000 	C:\WINDOWS\SYSTEM32\VERSION.dll
0x00007ffff2b70000 - 0x00007ffff2b9a000 	C:\WINDOWS\SYSTEM32\WINMMBASE.dll
0x00007ffff6d40000 - 0x00007ffff6d89000 	C:\WINDOWS\System32\cfgmgr32.dll
0x00007fffe0f50000 - 0x00007fffe0f5f000 	C:\Program Files\Android\Android Studio\jre\jre\bin\verify.dll
0x00007fffcd580000 - 0x00007fffcd5a9000 	C:\Program Files\Android\Android Studio\jre\jre\bin\java.dll
0x00007fffd2020000 - 0x00007fffd2036000 	C:\Program Files\Android\Android Studio\jre\jre\bin\zip.dll
0x00007ffff8040000 - 0x00007ffff9480000 	C:\WINDOWS\System32\SHELL32.dll
0x00007ffff94e0000 - 0x00007ffff9589000 	C:\WINDOWS\System32\shcore.dll
0x00007ffff6630000 - 0x00007ffff6d3d000 	C:\WINDOWS\System32\windows.storage.dll
0x00007ffff7a60000 - 0x00007ffff7ab1000 	C:\WINDOWS\System32\shlwapi.dll
0x00007ffff5ee0000 - 0x00007ffff5ef1000 	C:\WINDOWS\System32\kernel.appcore.dll
0x00007ffff5e70000 - 0x00007ffff5e8f000 	C:\WINDOWS\System32\profapi.dll
0x00007ffff5e90000 - 0x00007ffff5edc000 	C:\WINDOWS\System32\powrprof.dll
0x00007ffff5e60000 - 0x00007ffff5e6a000 	C:\WINDOWS\System32\FLTLIB.DLL
0x00007fffd0290000 - 0x00007fffd02aa000 	C:\Program Files\Android\Android Studio\jre\jre\bin\net.dll
0x00007ffff5300000 - 0x00007ffff5366000 	C:\WINDOWS\system32\mswsock.dll
0x00007fffcf7b0000 - 0x00007fffcf7c1000 	C:\Program Files\Android\Android Studio\jre\jre\bin\nio.dll
0x00007fffcfe00000 - 0x00007fffcfe1e000 	C:\Users\nbangari\.gradle\native\25\windows-amd64\native-platform.dll
0x00007fffdca50000 - 0x00007fffdca5d000 	C:\Program Files\Android\Android Studio\jre\jre\bin\management.dll
0x00007ffff5b60000 - 0x00007ffff5b77000 	C:\WINDOWS\SYSTEM32\CRYPTSP.dll
0x00007ffff4ee0000 - 0x00007ffff4f13000 	C:\WINDOWS\system32\rsaenh.dll
0x00007ffff5890000 - 0x00007ffff58b5000 	C:\WINDOWS\SYSTEM32\bcrypt.dll
0x00007ffff5d40000 - 0x00007ffff5d68000 	C:\WINDOWS\SYSTEM32\USERENV.dll
0x00007ffff54b0000 - 0x00007ffff54bb000 	C:\WINDOWS\SYSTEM32\CRYPTBASE.dll
0x00007ffff5080000 - 0x00007ffff50b8000 	C:\WINDOWS\SYSTEM32\IPHLPAPI.DLL
0x00007ffff9af0000 - 0x00007ffff9af8000 	C:\WINDOWS\System32\NSI.dll
0x00007fffebb70000 - 0x00007fffebb86000 	C:\WINDOWS\SYSTEM32\dhcpcsvc6.DLL
0x00007fffebf70000 - 0x00007fffebf8a000 	C:\WINDOWS\SYSTEM32\dhcpcsvc.DLL
0x00007fffcfa80000 - 0x00007fffcfaa4000 	C:\Program Files\Android\Android Studio\jre\jre\bin\sunec.dll
0x00007ffff50c0000 - 0x00007ffff517e000 	C:\WINDOWS\SYSTEM32\DNSAPI.dll
0x00007fffe8da0000 - 0x00007fffe8daa000 	C:\Windows\System32\rasadhlp.dll
0x00007fffe95c0000 - 0x00007fffe9632000 	C:\WINDOWS\System32\fwpuclnt.dll
0x00007fffdc790000 - 0x00007fffdc79b000 	C:\Program Files\Android\Android Studio\jre\jre\bin\sunmscapi.dll
0x00007ffff5f60000 - 0x00007ffff6142000 	C:\WINDOWS\System32\CRYPT32.dll
0x00007ffff5e40000 - 0x00007ffff5e52000 	C:\WINDOWS\System32\MSASN1.dll
0x00007fffbd420000 - 0x00007fffbd5b7000 	C:\Program Files\Android\Android Studio\jre\jre\bin\awt.dll
0x00007ffff78d0000 - 0x00007ffff7992000 	C:\WINDOWS\System32\OLEAUT32.dll
0x00007ffff20c0000 - 0x00007ffff2687000 	C:\WINDOWS\SYSTEM32\d2d1.dll
0x00007ffff3000000 - 0x00007ffff308b000 	C:\WINDOWS\SYSTEM32\apphelp.dll
0x00007ffff3800000 - 0x00007ffff3829000 	C:\WINDOWS\system32\DWMAPI.DLL
0x00007ffff35f0000 - 0x00007ffff3688000 	C:\WINDOWS\system32\uxtheme.dll
0x00007ffff4bd0000 - 0x00007ffff4c01000 	C:\WINDOWS\SYSTEM32\ntmarta.dll

VM Arguments:
jvm_args: -Xmx1536m -Dfile.encoding=windows-1252 -Duser.country=US -Duser.language=en -Duser.variant 
java_command: org.gradle.launcher.daemon.bootstrap.GradleDaemon 4.10.1
java_class_path (initial): C:\Users\nbangari\.gradle\wrapper\dists\gradle-4.10.1-all\455itskqi2qtf0v2sja68alqd\gradle-4.10.1\lib\gradle-launcher-4.10.1.jar
Launcher Type: SUN_STANDARD

Environment Variables:
PATH=C:\ProgramData\Oracle\Java\javapath;C:\WINDOWS\system32;C:\WINDOWS;C:\WINDOWS\System32\Wbem;C:\WINDOWS\System32\WindowsPowerShell\v1.0\;C:\Program Files (x86)\PuTTY\;C:\Program Files\nodejs\;C:\Program Files\MATLAB\R2017b\bin;C:\Program Files\Git\cmd;C:\WINDOWS\System32\OpenSSH\;C:\Users\nbangari\Anaconda3;C:\Users\nbangari\Anaconda3\Scripts;C:\Users\nbangari\Anaconda3\Library\bin;C:\Users\nbangari\AppData\Local\Microsoft\WindowsApps;C:\Users\nbangari\AppData\Roaming\npm;C:\Users\nbangari\AppData\Local\GitHubDesktop\bin;;C:\Program Files\Microsoft VS Code\bin;C:\Users\nbangari\AppData\Local\Microsoft\WindowsApps
USERNAME=nbangari
OS=Windows_NT
PROCESSOR_IDENTIFIER=Intel64 Family 6 Model 142 Stepping 9, GenuineIntel



---------------  S Y S T E M  ---------------

OS: Windows 10.0 , 64 bit Build 17134 (10.0.17134.1)

CPU:total 4 (initial active 4) (2 cores per cpu, 2 threads per core) family 6 model 142 stepping 9, cmov, cx8, fxsr, mmx, sse, sse2, sse3, ssse3, sse4.1, sse4.2, popcnt, avx, avx2, aes, clmul, erms, 3dnowpref, lzcnt, ht, tsc, tscinvbit, bmi1, bmi2, adx

Memory: 4k page, physical 8272208k(1535052k free), swap 10222928k(5104k free)

vm_info: OpenJDK 64-Bit Server VM (25.152-b01) for windows-amd64 JRE (1.8.0_152-release-1248-b01), built by "builder" with MS VC++ 10.0 (VS2010)

time: Sat Feb 09 15:11:28 2019
elapsed time: 7144 seconds (0d 1h 59m 4s)

