#
# There is insufficient memory for the Java Runtime Environment to continue.
# Native memory allocation (malloc) failed to allocate 32744 bytes for ChunkPool::allocate
# Possible reasons:
#   The system is out of physical RAM or swap space
#   In 32 bit mode, the process size limit was hit
# Possible solutions:
#   Reduce memory load on the system
#   Increase physical memory or swap space
#   Check if swap backing store is full
#   Use 64 bit Java on a 64 bit OS
#   Decrease Java heap size (-Xmx/-Xms)
#   Decrease number of Java threads
#   Decrease Java thread stack sizes (-Xss)
#   Set larger code cache with -XX:ReservedCodeCacheSize=
# This output file may be truncated or incomplete.
#
#  Out of Memory Error (allocation.cpp:273), pid=5348, tid=0x00000000000001c0
#
# JRE version: Java(TM) SE Runtime Environment (8.0_121-b13) (build 1.8.0_121-b13)
# Java VM: Java HotSpot(TM) 64-Bit Server VM (25.121-b13 mixed mode windows-amd64 compressed oops)
# Failed to write core dump. Minidumps are not enabled by default on client versions of Windows
#

---------------  T H R E A D  ---------------

Current thread (0x0000000016329000):  JavaThread "C1 CompilerThread2" daemon [_thread_in_native, id=448, stack(0x0000000017b60000,0x0000000017c60000)]

Stack: [0x0000000017b60000,0x0000000017c60000]
[error occurred during error reporting (printing stack bounds), id 0xc0000005]

Native frames: (J=compiled Java code, j=interpreted, Vv=VM code, C=native code)


Current CompileTask:
C1:  30020 7563 %     3       sun.nio.cs.SingleByte$Decoder::decodeArrayLoop @ 88 (154 bytes)


---------------  P R O C E S S  ---------------

Java Threads: ( => current thread )
  0x000000001fcbd800 JavaThread "Cache worker for Java compile cache (C:\Users\nbangari\StudioProjects\Team29-PersonalBest\.gradle\4.10.1\javaCompile)" [_thread_blocked, id=5744, stack(0x0000000023f20000,0x0000000024020000)]
  0x000000001fcbc800 JavaThread "Cache worker for Java compile cache (C:\Users\nbangari\.gradle\caches\4.10.1\javaCompile)" [_thread_blocked, id=17960, stack(0x0000000023e20000,0x0000000023f20000)]
  0x000000001fcbb000 JavaThread "stdout" [_thread_in_native, id=5816, stack(0x0000000023d20000,0x0000000023e20000)]
  0x000000001fcba800 JavaThread "stderr" [_thread_in_native, id=14112, stack(0x0000000023c20000,0x0000000023d20000)]
  0x000000001fcb9800 JavaThread "pool-2-thread-1" [_thread_blocked, id=7704, stack(0x0000000023b20000,0x0000000023c20000)]
  0x000000001fb2c800 JavaThread "Cache worker for Build Output Cleanup Cache (C:\Users\nbangari\StudioProjects\Team29-PersonalBest\.gradle\buildOutputCleanup)" [_thread_blocked, id=18632, stack(0x0000000023820000,0x0000000023920000)]
  0x000000001fb2d800 JavaThread "Cache worker for task history cache (C:\Users\nbangari\StudioProjects\Team29-PersonalBest\.gradle\4.10.1\taskHistory)" [_thread_blocked, id=10292, stack(0x0000000023720000,0x0000000023820000)]
  0x000000001fb2c000 JavaThread "Task worker for ':' Thread 3" [_thread_blocked, id=18836, stack(0x0000000023420000,0x0000000023520000)]
  0x000000001fb2b000 JavaThread "Task worker for ':' Thread 2" [_thread_blocked, id=14844, stack(0x0000000023320000,0x0000000023420000)]
  0x000000001fb2a800 JavaThread "Task worker for ':'" [_thread_in_Java, id=18072, stack(0x0000000023220000,0x0000000023320000)]
  0x000000001fb29000 JavaThread "Cache worker for file content cache (C:\Users\nbangari\StudioProjects\Team29-PersonalBest\.gradle\4.10.1\fileContent)" [_thread_blocked, id=18352, stack(0x0000000023120000,0x0000000023220000)]
  0x000000001fb28000 JavaThread "Cache worker for file content cache (C:\Users\nbangari\.gradle\caches\4.10.1\fileContent)" [_thread_blocked, id=12704, stack(0x0000000023020000,0x0000000023120000)]
  0x000000001fb2e000 JavaThread "Memory manager" [_thread_blocked, id=12008, stack(0x0000000022f20000,0x0000000023020000)]
  0x000000001fb2f000 JavaThread "Build operations Thread 4" [_thread_blocked, id=2000, stack(0x00000000206e0000,0x00000000207e0000)]
  0x000000001fb29800 JavaThread "Build operations Thread 3" [_thread_blocked, id=4800, stack(0x00000000205e0000,0x00000000206e0000)]
  0x00000000193c2800 JavaThread "Build operations Thread 2" [_thread_blocked, id=17420, stack(0x00000000204e0000,0x00000000205e0000)]
  0x00000000193c1000 JavaThread "Build operations" [_thread_blocked, id=14392, stack(0x00000000203e0000,0x00000000204e0000)]
  0x00000000193c7800 JavaThread "Cache worker for Artifact transforms cache (C:\Users\nbangari\.gradle\caches\transforms-1)" [_thread_blocked, id=3412, stack(0x000000001fd00000,0x000000001fe00000)]
  0x00000000193c7000 JavaThread "Cache worker for cache directory md-rule (C:\Users\nbangari\.gradle\caches\4.10.1\md-rule)" [_thread_blocked, id=6484, stack(0x000000001ebc0000,0x000000001ecc0000)]
  0x00000000193c6000 JavaThread "Cache worker for cache directory md-supplier (C:\Users\nbangari\.gradle\caches\4.10.1\md-supplier)" [_thread_blocked, id=19068, stack(0x000000001e420000,0x000000001e520000)]
  0x00000000193c4800 JavaThread "Cache worker for journal cache (C:\Users\nbangari\.gradle\caches\journal-1)" [_thread_blocked, id=17652, stack(0x000000001d150000,0x000000001d250000)]
  0x00000000193c3000 JavaThread "Cache worker for file hash cache (C:\Users\nbangari\StudioProjects\Team29-PersonalBest\.gradle\4.10.1\fileHashes)" [_thread_blocked, id=13868, stack(0x000000001bf80000,0x000000001c080000)]
  0x00000000193c1800 JavaThread "File lock request listener" [_thread_in_native, id=3496, stack(0x000000001bc80000,0x000000001bd80000)]
  0x00000000193c4000 JavaThread "Cache worker for file hash cache (C:\Users\nbangari\.gradle\caches\4.10.1\fileHashes)" [_thread_blocked, id=16080, stack(0x000000001bb80000,0x000000001bc80000)]
  0x0000000019049800 JavaThread "Stdin handler" [_thread_blocked, id=7564, stack(0x000000001a8b0000,0x000000001a9b0000)]
  0x000000001903c800 JavaThread "Asynchronous log dispatcher for DefaultDaemonConnection: socket connection from /127.0.0.1:51812 to /127.0.0.1:51813" [_thread_in_native, id=18876, stack(0x000000001a7b0000,0x000000001a8b0000)]
  0x0000000019120800 JavaThread "Daemon worker" [_thread_blocked, id=3552, stack(0x000000001a6b0000,0x000000001a7b0000)]
  0x000000001911f800 JavaThread "Cancel handler" [_thread_blocked, id=16008, stack(0x000000001a5b0000,0x000000001a6b0000)]
  0x00000000190dc800 JavaThread "Handler for socket connection from /127.0.0.1:51812 to /127.0.0.1:51813" [_thread_in_native, id=12368, stack(0x000000001a4b0000,0x000000001a5b0000)]
  0x00000000190dc000 JavaThread "Daemon" [_thread_blocked, id=16204, stack(0x000000001a3b0000,0x000000001a4b0000)]
  0x00000000192ac800 JavaThread "Daemon periodic checks" [_thread_blocked, id=10520, stack(0x000000001a2b0000,0x000000001a3b0000)]
  0x000000001828c800 JavaThread "Incoming local TCP Connector on port 51812" [_thread_in_native, id=12256, stack(0x000000001a070000,0x000000001a170000)]
  0x0000000018f7c800 JavaThread "Daemon health stats" [_thread_blocked, id=6216, stack(0x0000000019a30000,0x0000000019b30000)]
  0x0000000017c70800 JavaThread "Service Thread" daemon [_thread_blocked, id=11668, stack(0x0000000018060000,0x0000000018160000)]
=>0x0000000016329000 JavaThread "C1 CompilerThread2" daemon [_thread_in_native, id=448, stack(0x0000000017b60000,0x0000000017c60000)]
  0x0000000016325800 JavaThread "C2 CompilerThread1" daemon [_thread_in_native, id=17676, stack(0x0000000017a60000,0x0000000017b60000)]
  0x0000000016321800 JavaThread "C2 CompilerThread0" daemon [_thread_in_native, id=6048, stack(0x0000000017960000,0x0000000017a60000)]
  0x000000001631b000 JavaThread "Attach Listener" daemon [_thread_blocked, id=14836, stack(0x0000000017860000,0x0000000017960000)]
  0x000000001631a000 JavaThread "Signal Dispatcher" daemon [_thread_blocked, id=16484, stack(0x0000000017760000,0x0000000017860000)]
  0x000000000298b000 JavaThread "Finalizer" daemon [_thread_blocked, id=11260, stack(0x0000000017570000,0x0000000017670000)]
  0x0000000002980000 JavaThread "Reference Handler" daemon [_thread_blocked, id=72, stack(0x0000000017470000,0x0000000017570000)]
  0x000000000268e000 JavaThread "main" [_thread_blocked, id=16192, stack(0x0000000002790000,0x0000000002890000)]

Other Threads:
  0x00000000162e7800 VMThread [stack: 0x0000000017370000,0x0000000017470000] [id=16340]
  0x0000000017cbc000 WatcherThread [stack: 0x0000000018160000,0x0000000018260000] [id=11080]

VM state:not at safepoint (normal execution)

VM Mutex/Monitor currently owned by a thread: None

Heap:
 PSYoungGen      total 118272K, used 39496K [0x00000000e0000000, 0x00000000e9a00000, 0x0000000100000000)
  eden space 94720K, 35% used [0x00000000e0000000,0x00000000e20f58a0,0x00000000e5c80000)
  from space 23552K, 24% used [0x00000000e5c80000,0x00000000e621c8d0,0x00000000e7380000)
  to   space 23040K, 0% used [0x00000000e8380000,0x00000000e8380000,0x00000000e9a00000)
 ParOldGen       total 115200K, used 34109K [0x00000000a0000000, 0x00000000a7080000, 0x00000000e0000000)
  object space 115200K, 29% used [0x00000000a0000000,0x00000000a214f710,0x00000000a7080000)
 Metaspace       used 63841K, capacity 65232K, committed 65560K, reserved 1105920K
  class space    used 8815K, capacity 9184K, committed 9264K, reserved 1048576K

Card table byte_map: [0x0000000011d50000,0x0000000012060000] byte_map_base: 0x0000000011850000

Marking Bits: (ParMarkBitMap*) 0x000000005935b6d0
 Begin Bits: [0x0000000012660000, 0x0000000013e60000)
 End Bits:   [0x0000000013e60000, 0x0000000015660000)

Polling page: 0x0000000002640000

CodeCache: size=245760Kb used=21837Kb max_used=21837Kb free=223922Kb
 bounds [0x0000000002990000, 0x0000000003f00000, 0x0000000011990000]
 total_blobs=7597 nmethods=6785 adapters=723
 compilation: enabled

Compilation events (10 events):
Event: 29.985 Thread 0x0000000016329000 nmethod 7555 0x0000000003ef48d0 code [0x0000000003ef4b20, 0x0000000003ef5318]
Event: 29.987 Thread 0x0000000016329000 7558       2       com.sun.tools.javac.tree.TreeMaker::ClassDef (31 bytes)
Event: 29.988 Thread 0x0000000016329000 nmethod 7558 0x0000000003ef5ad0 code [0x0000000003ef5c40, 0x0000000003ef5e48]
Event: 29.988 Thread 0x0000000016329000 7559       2       com.sun.tools.javac.tree.JCTree$JCClassDecl::<init> (44 bytes)
Event: 29.988 Thread 0x0000000016329000 nmethod 7559 0x0000000003ef5f50 code [0x0000000003ef60a0, 0x0000000003ef6290]
Event: 30.005 Thread 0x0000000016329000 7560       2       org.gradle.internal.io.LineBufferingOutputStream::write (59 bytes)
Event: 30.007 Thread 0x0000000016329000 nmethod 7560 0x0000000003ef6310 code [0x0000000003ef6500, 0x0000000003ef69d8]
Event: 30.007 Thread 0x0000000016329000 7561       2       org.gradle.internal.io.StreamByteBuffer$StreamByteBufferOutputStream::write (22 bytes)
Event: 30.007 Thread 0x0000000016329000 nmethod 7561 0x0000000003ef6f90 code [0x0000000003ef7100, 0x0000000003ef7308]
Event: 30.009 Thread 0x0000000016329000 7563 %     3       sun.nio.cs.SingleByte$Decoder::decodeArrayLoop @ 88 (154 bytes)

GC Heap History (10 events):
Event: 19.292 GC heap before
{Heap before GC invocations=14 (full 2):
 PSYoungGen      total 81920K, used 81915K [0x00000000e0000000, 0x00000000e6c00000, 0x0000000100000000)
  eden space 69632K, 100% used [0x00000000e0000000,0x00000000e4400000,0x00000000e4400000)
  from space 12288K, 99% used [0x00000000e4400000,0x00000000e4ffef70,0x00000000e5000000)
  to   space 13824K, 0% used [0x00000000e5e80000,0x00000000e5e80000,0x00000000e6c00000)
 ParOldGen       total 115200K, used 17187K [0x00000000a0000000, 0x00000000a7080000, 0x00000000e0000000)
  object space 115200K, 14% used [0x00000000a0000000,0x00000000a10c8d58,0x00000000a7080000)
 Metaspace       used 52009K, capacity 53038K, committed 53160K, reserved 1095680K
  class space    used 7192K, capacity 7536K, committed 7600K, reserved 1048576K
Event: 19.323 GC heap after
Heap after GC invocations=14 (full 2):
 PSYoungGen      total 93696K, used 13820K [0x00000000e0000000, 0x00000000e7280000, 0x0000000100000000)
  eden space 79872K, 0% used [0x00000000e0000000,0x00000000e0000000,0x00000000e4e00000)
  from space 13824K, 99% used [0x00000000e5e80000,0x00000000e6bff388,0x00000000e6c00000)
  to   space 16896K, 0% used [0x00000000e4e00000,0x00000000e4e00000,0x00000000e5e80000)
 ParOldGen       total 115200K, used 20510K [0x00000000a0000000, 0x00000000a7080000, 0x00000000e0000000)
  object space 115200K, 17% used [0x00000000a0000000,0x00000000a1407a00,0x00000000a7080000)
 Metaspace       used 52009K, capacity 53038K, committed 53160K, reserved 1095680K
  class space    used 7192K, capacity 7536K, committed 7600K, reserved 1048576K
}
Event: 21.401 GC heap before
{Heap before GC invocations=15 (full 2):
 PSYoungGen      total 93696K, used 93692K [0x00000000e0000000, 0x00000000e7280000, 0x0000000100000000)
  eden space 79872K, 100% used [0x00000000e0000000,0x00000000e4e00000,0x00000000e4e00000)
  from space 13824K, 99% used [0x00000000e5e80000,0x00000000e6bff388,0x00000000e6c00000)
  to   space 16896K, 0% used [0x00000000e4e00000,0x00000000e4e00000,0x00000000e5e80000)
 ParOldGen       total 115200K, used 20510K [0x00000000a0000000, 0x00000000a7080000, 0x00000000e0000000)
  object space 115200K, 17% used [0x00000000a0000000,0x00000000a1407a00,0x00000000a7080000)
 Metaspace       used 56888K, capacity 58326K, committed 58664K, reserved 1099776K
  class space    used 7985K, capacity 8373K, committed 8496K, reserved 1048576K
Event: 21.440 GC heap after
Heap after GC invocations=15 (full 2):
 PSYoungGen      total 96768K, used 16894K [0x00000000e0000000, 0x00000000e8800000, 0x0000000100000000)
  eden space 79872K, 0% used [0x00000000e0000000,0x00000000e0000000,0x00000000e4e00000)
  from space 16896K, 99% used [0x00000000e4e00000,0x00000000e5e7f9d8,0x00000000e5e80000)
  to   space 20992K, 0% used [0x00000000e7380000,0x00000000e7380000,0x00000000e8800000)
 ParOldGen       total 115200K, used 25426K [0x00000000a0000000, 0x00000000a7080000, 0x00000000e0000000)
  object space 115200K, 22% used [0x00000000a0000000,0x00000000a18d48a0,0x00000000a7080000)
 Metaspace       used 56888K, capacity 58326K, committed 58664K, reserved 1099776K
  class space    used 7985K, capacity 8373K, committed 8496K, reserved 1048576K
}
Event: 22.871 GC heap before
{Heap before GC invocations=16 (full 2):
 PSYoungGen      total 96768K, used 56255K [0x00000000e0000000, 0x00000000e8800000, 0x0000000100000000)
  eden space 79872K, 49% used [0x00000000e0000000,0x00000000e2670470,0x00000000e4e00000)
  from space 16896K, 99% used [0x00000000e4e00000,0x00000000e5e7f9d8,0x00000000e5e80000)
  to   space 20992K, 0% used [0x00000000e7380000,0x00000000e7380000,0x00000000e8800000)
 ParOldGen       total 115200K, used 25426K [0x00000000a0000000, 0x00000000a7080000, 0x00000000e0000000)
  object space 115200K, 22% used [0x00000000a0000000,0x00000000a18d48a0,0x00000000a7080000)
 Metaspace       used 57747K, capacity 59060K, committed 59160K, reserved 1099776K
  class space    used 8061K, capacity 8442K, committed 8496K, reserved 1048576K
Event: 22.912 GC heap after
Heap after GC invocations=16 (full 2):
 PSYoungGen      total 115712K, used 19118K [0x00000000e0000000, 0x00000000e8f80000, 0x0000000100000000)
  eden space 94720K, 0% used [0x00000000e0000000,0x00000000e0000000,0x00000000e5c80000)
  from space 20992K, 91% used [0x00000000e7380000,0x00000000e862b9c8,0x00000000e8800000)
  to   space 23552K, 0% used [0x00000000e5c80000,0x00000000e5c80000,0x00000000e7380000)
 ParOldGen       total 115200K, used 25434K [0x00000000a0000000, 0x00000000a7080000, 0x00000000e0000000)
  object space 115200K, 22% used [0x00000000a0000000,0x00000000a18d68a0,0x00000000a7080000)
 Metaspace       used 57747K, capacity 59060K, committed 59160K, reserved 1099776K
  class space    used 8061K, capacity 8442K, committed 8496K, reserved 1048576K
}
Event: 22.912 GC heap before
{Heap before GC invocations=17 (full 3):
 PSYoungGen      total 115712K, used 19118K [0x00000000e0000000, 0x00000000e8f80000, 0x0000000100000000)
  eden space 94720K, 0% used [0x00000000e0000000,0x00000000e0000000,0x00000000e5c80000)
  from space 20992K, 91% used [0x00000000e7380000,0x00000000e862b9c8,0x00000000e8800000)
  to   space 23552K, 0% used [0x00000000e5c80000,0x00000000e5c80000,0x00000000e7380000)
 ParOldGen       total 115200K, used 25434K [0x00000000a0000000, 0x00000000a7080000, 0x00000000e0000000)
  object space 115200K, 22% used [0x00000000a0000000,0x00000000a18d68a0,0x00000000a7080000)
 Metaspace       used 57747K, capacity 59060K, committed 59160K, reserved 1099776K
  class space    used 8061K, capacity 8442K, committed 8496K, reserved 1048576K
Event: 23.383 GC heap after
Heap after GC invocations=17 (full 3):
 PSYoungGen      total 115712K, used 0K [0x00000000e0000000, 0x00000000e8f80000, 0x0000000100000000)
  eden space 94720K, 0% used [0x00000000e0000000,0x00000000e0000000,0x00000000e5c80000)
  from space 20992K, 0% used [0x00000000e7380000,0x00000000e7380000,0x00000000e8800000)
  to   space 23552K, 0% used [0x00000000e5c80000,0x00000000e5c80000,0x00000000e7380000)
 ParOldGen       total 115200K, used 34101K [0x00000000a0000000, 0x00000000a7080000, 0x00000000e0000000)
  object space 115200K, 29% used [0x00000000a0000000,0x00000000a214d710,0x00000000a7080000)
 Metaspace       used 57747K, capacity 59060K, committed 59160K, reserved 1099776K
  class space    used 8061K, capacity 8442K, committed 8496K, reserved 1048576K
}
Event: 29.089 GC heap before
{Heap before GC invocations=18 (full 3):
 PSYoungGen      total 115712K, used 94708K [0x00000000e0000000, 0x00000000e8f80000, 0x0000000100000000)
  eden space 94720K, 99% used [0x00000000e0000000,0x00000000e5c7d238,0x00000000e5c80000)
  from space 20992K, 0% used [0x00000000e7380000,0x00000000e7380000,0x00000000e8800000)
  to   space 23552K, 0% used [0x00000000e5c80000,0x00000000e5c80000,0x00000000e7380000)
 ParOldGen       total 115200K, used 34101K [0x00000000a0000000, 0x00000000a7080000, 0x00000000e0000000)
  object space 115200K, 29% used [0x00000000a0000000,0x00000000a214d710,0x00000000a7080000)
 Metaspace       used 61062K, capacity 62416K, committed 62616K, reserved 1103872K
  class space    used 8477K, capacity 8864K, committed 8880K, reserved 1048576K
Event: 29.100 GC heap after
Heap after GC invocations=18 (full 3):
 PSYoungGen      total 118272K, used 5746K [0x00000000e0000000, 0x00000000e9a00000, 0x0000000100000000)
  eden space 94720K, 0% used [0x00000000e0000000,0x00000000e0000000,0x00000000e5c80000)
  from space 23552K, 24% used [0x00000000e5c80000,0x00000000e621c8d0,0x00000000e7380000)
  to   space 23040K, 0% used [0x00000000e8380000,0x00000000e8380000,0x00000000e9a00000)
 ParOldGen       total 115200K, used 34109K [0x00000000a0000000, 0x00000000a7080000, 0x00000000e0000000)
  object space 115200K, 29% used [0x00000000a0000000,0x00000000a214f710,0x00000000a7080000)
 Metaspace       used 61062K, capacity 62416K, committed 62616K, reserved 1103872K
  class space    used 8477K, capacity 8864K, committed 8880K, reserved 1048576K
}

Deoptimization events (10 events):
Event: 29.617 Thread 0x000000001fb2a800 Uncommon trap: reason=unstable_if action=reinterpret pc=0x0000000003c72a80 method=java.lang.Integer.parseInt(Ljava/lang/String;I)I @ 122
Event: 29.727 Thread 0x000000001fb2a800 Uncommon trap: reason=unstable_if action=reinterpret pc=0x0000000003e804a0 method=com.sun.tools.javac.util.Name$Table.equals([BI[BII)Z @ 22
Event: 29.769 Thread 0x000000001fb2a800 Uncommon trap: reason=unstable_if action=reinterpret pc=0x0000000003ead294 method=com.sun.tools.javac.util.Name$Table.equals([BI[BII)Z @ 22
Event: 29.793 Thread 0x000000001fb2a800 Uncommon trap: reason=unstable_if action=reinterpret pc=0x0000000003e03c88 method=com.sun.tools.javac.parser.UnicodeReader.scanChar()V @ 37
Event: 29.827 Thread 0x000000001fb2a800 Uncommon trap: reason=unstable_if action=reinterpret pc=0x0000000003e293f0 method=com.sun.tools.javac.util.Name$Table.equals([BI[BII)Z @ 22
Event: 29.832 Thread 0x000000001fb2a800 Uncommon trap: reason=unstable_if action=reinterpret pc=0x0000000003ec7de0 method=com.sun.tools.javac.parser.UnicodeReader.scanChar()V @ 37
Event: 29.875 Thread 0x000000001fb2a800 Uncommon trap: reason=unstable_if action=reinterpret pc=0x0000000003ec2c04 method=com.sun.tools.javac.parser.JavaTokenizer$BasicComment.scanDocComment()V @ 277
Event: 29.907 Thread 0x000000001fb2a800 Uncommon trap: reason=unstable_if action=reinterpret pc=0x0000000003ebd670 method=com.sun.tools.javac.util.Position$LineMapImpl.build([CI)V @ 42
Event: 30.004 Thread 0x000000001fb2a800 Uncommon trap: reason=unstable_if action=reinterpret pc=0x0000000003dbacf0 method=java.io.PrintWriter.newLine()V @ 26
Event: 30.007 Thread 0x000000001fb2a800 Uncommon trap: reason=unstable_if action=reinterpret pc=0x0000000003db98f0 method=java.io.PrintWriter.newLine()V @ 26

Internal exceptions (10 events):
Event: 20.393 Thread 0x0000000019120800 Exception <a 'java/lang/ClassNotFoundException': org/gradle/invocation/DefaultGradleCustomizer> (0x00000000e25ff240) thrown at [C:\re\workspace\8-2-build-windows-amd64-cygwin\jdk8u121\8372\hotspot\src\share\vm\classfile\systemDictionary.cpp, line 210]
Event: 20.418 Thread 0x0000000019120800 Exception <a 'java/lang/ClassNotFoundException': org/gradle/invocation/DefaultGradle_DecoratedCustomizer> (0x00000000e2656900) thrown at [C:\re\workspace\8-2-build-windows-amd64-cygwin\jdk8u121\8372\hotspot\src\share\vm\classfile\systemDictionary.cpp, lin
Event: 23.384 Thread 0x000000001fb2b000 Implicit null exception at 0x0000000003969ccc to 0x0000000003969d3d
Event: 23.392 Thread 0x000000001fb2b000 Exception <a 'java/lang/NoSuchMethodError': <clinit>> (0x00000000e0020d50) thrown at [C:\re\workspace\8-2-build-windows-amd64-cygwin\jdk8u121\8372\hotspot\src\share\vm\prims\jni.cpp, line 1613]
Event: 23.401 Thread 0x000000001fb2b000 Exception <a 'java/lang/NoSuchMethodError': <clinit>> (0x00000000e002cd20) thrown at [C:\re\workspace\8-2-build-windows-amd64-cygwin\jdk8u121\8372\hotspot\src\share\vm\prims\jni.cpp, line 1613]
Event: 23.405 Thread 0x000000001fb2b000 Exception <a 'java/lang/NoSuchMethodError': <clinit>> (0x00000000e00483a8) thrown at [C:\re\workspace\8-2-build-windows-amd64-cygwin\jdk8u121\8372\hotspot\src\share\vm\prims\jni.cpp, line 1613]
Event: 23.408 Thread 0x000000001fb2b000 Exception <a 'java/lang/NoSuchMethodError': <clinit>> (0x00000000e0058c00) thrown at [C:\re\workspace\8-2-build-windows-amd64-cygwin\jdk8u121\8372\hotspot\src\share\vm\prims\jni.cpp, line 1613]
Event: 25.690 Thread 0x000000001fb2a800 Exception <a 'java/lang/NoSuchMethodError': java.lang.Object.lambda$negate$1(Ljava/lang/Object;)Z> (0x00000000e3e3cc38) thrown at [C:\re\workspace\8-2-build-windows-amd64-cygwin\jdk8u121\8372\hotspot\src\share\vm\interpreter\linkResolver.cpp, line 582]
Event: 28.184 Thread 0x000000001fb2a800 Exception <a 'java/lang/NoSuchMethodError': java.lang.Object.lambda$comparingInt$7b0bb60$1(Ljava/util/function/ToIntFunction;Ljava/lang/Object;Ljava/lang/Object;)I> (0x00000000e3ef75a8) thrown at [C:\re\workspace\8-2-build-windows-amd64-cygwin\jdk8u121\83
Event: 29.998 Thread 0x000000001fb2a800 Exception <a 'java/lang/OutOfMemoryError'> (0x00000000e1ef8e38) thrown at [C:\re\workspace\8-2-build-windows-amd64-cygwin\jdk8u121\8372\hotspot\src\share\vm\prims\jni.cpp, line 735]

Events (10 events):
Event: 30.005 loading class com/sun/tools/javac/util/Log$2 done
Event: 30.006 loading class com/sun/tools/javac/util/JCDiagnostic$DiagnosticType
Event: 30.006 loading class com/sun/tools/javac/util/JCDiagnostic$DiagnosticType done
Event: 30.006 loading class java/lang/Throwable$WrappedPrintWriter
Event: 30.006 loading class java/lang/Throwable$PrintStreamOrWriter
Event: 30.007 loading class java/lang/Throwable$PrintStreamOrWriter done
Event: 30.007 loading class java/lang/Throwable$WrappedPrintWriter done
Event: 30.007 Thread 0x000000001fb2a800 Uncommon trap: trap_request=0xffffff65 fr.pc=0x0000000003db98f0
Event: 30.007 Thread 0x000000001fb2a800 DEOPT PACKING pc=0x0000000003db98f0 sp=0x000000002331c400
Event: 30.007 Thread 0x000000001fb2a800 DEOPT UNPACKING pc=0x00000000029d582a sp=0x000000002331c3b0 mode 2


Dynamic libraries:
0x00007ff767970000 - 0x00007ff7679a7000 	C:\Program Files\Java\jdk1.8.0_121\bin\java.exe
0x00007fff5f6f0000 - 0x00007fff5f8d1000 	C:\WINDOWS\SYSTEM32\ntdll.dll
0x00007fff5cdf0000 - 0x00007fff5cea2000 	C:\WINDOWS\System32\KERNEL32.DLL
0x00007fff5bf80000 - 0x00007fff5c1f3000 	C:\WINDOWS\System32\KERNELBASE.dll
0x00007fff5cb80000 - 0x00007fff5cc21000 	C:\WINDOWS\System32\ADVAPI32.dll
0x00007fff5d100000 - 0x00007fff5d19e000 	C:\WINDOWS\System32\msvcrt.dll
0x00007fff5d2d0000 - 0x00007fff5d32b000 	C:\WINDOWS\System32\sechost.dll
0x00007fff5d1a0000 - 0x00007fff5d2c4000 	C:\WINDOWS\System32\RPCRT4.dll
0x00007fff5cc50000 - 0x00007fff5cde0000 	C:\WINDOWS\System32\USER32.dll
0x00007fff5bac0000 - 0x00007fff5bae0000 	C:\WINDOWS\System32\win32u.dll
0x00007fff5ceb0000 - 0x00007fff5ced8000 	C:\WINDOWS\System32\GDI32.dll
0x00007fff5c2d0000 - 0x00007fff5c462000 	C:\WINDOWS\System32\gdi32full.dll
0x00007fff5bb40000 - 0x00007fff5bbdf000 	C:\WINDOWS\System32\msvcp_win.dll
0x00007fff5be80000 - 0x00007fff5bf7a000 	C:\WINDOWS\System32\ucrtbase.dll
0x00007fff4d3c0000 - 0x00007fff4d629000 	C:\WINDOWS\WinSxS\amd64_microsoft.windows.common-controls_6595b64144ccf1df_6.0.17134.590_none_fb3d9bff3069e088\COMCTL32.dll
0x00007fff5df50000 - 0x00007fff5e272000 	C:\WINDOWS\System32\combase.dll
0x00007fff5c250000 - 0x00007fff5c2ca000 	C:\WINDOWS\System32\bcryptPrimitives.dll
0x00007fff5df20000 - 0x00007fff5df4d000 	C:\WINDOWS\System32\IMM32.DLL
0x000000005b4c0000 - 0x000000005b592000 	C:\Program Files\Java\jdk1.8.0_121\jre\bin\msvcr100.dll
0x0000000058b40000 - 0x00000000593db000 	C:\Program Files\Java\jdk1.8.0_121\jre\bin\server\jvm.dll
0x00007fff5dba0000 - 0x00007fff5dba8000 	C:\WINDOWS\System32\PSAPI.DLL
0x00007fff590d0000 - 0x00007fff590f3000 	C:\WINDOWS\SYSTEM32\WINMM.dll
0x00007fff4d7c0000 - 0x00007fff4d7ca000 	C:\WINDOWS\SYSTEM32\VERSION.dll
0x00007fff4d730000 - 0x00007fff4d739000 	C:\WINDOWS\SYSTEM32\WSOCK32.dll
0x00007fff5d010000 - 0x00007fff5d07c000 	C:\WINDOWS\System32\WS2_32.dll
0x00007fff590a0000 - 0x00007fff590ca000 	C:\WINDOWS\SYSTEM32\WINMMBASE.dll
0x00007fff5c200000 - 0x00007fff5c249000 	C:\WINDOWS\System32\cfgmgr32.dll
0x000000005c760000 - 0x000000005c76f000 	C:\Program Files\Java\jdk1.8.0_121\jre\bin\verify.dll
0x000000005c730000 - 0x000000005c759000 	C:\Program Files\Java\jdk1.8.0_121\jre\bin\java.dll
0x000000005c710000 - 0x000000005c726000 	C:\Program Files\Java\jdk1.8.0_121\jre\bin\zip.dll
0x00007fff5e280000 - 0x00007fff5f6c0000 	C:\WINDOWS\System32\SHELL32.dll
0x00007fff5dbb0000 - 0x00007fff5dc59000 	C:\WINDOWS\System32\shcore.dll
0x00007fff5c470000 - 0x00007fff5cb7d000 	C:\WINDOWS\System32\windows.storage.dll
0x00007fff5dc60000 - 0x00007fff5dcb1000 	C:\WINDOWS\System32\shlwapi.dll
0x00007fff5ba20000 - 0x00007fff5ba31000 	C:\WINDOWS\System32\kernel.appcore.dll
0x00007fff5ba00000 - 0x00007fff5ba1f000 	C:\WINDOWS\System32\profapi.dll
0x00007fff5ba50000 - 0x00007fff5ba9c000 	C:\WINDOWS\System32\powrprof.dll
0x00007fff5ba40000 - 0x00007fff5ba4a000 	C:\WINDOWS\System32\FLTLIB.DLL
0x000000005c6f0000 - 0x000000005c70a000 	C:\Program Files\Java\jdk1.8.0_121\jre\bin\net.dll
0x00007fff5b220000 - 0x00007fff5b286000 	C:\WINDOWS\system32\mswsock.dll
0x000000005c6d0000 - 0x000000005c6e1000 	C:\Program Files\Java\jdk1.8.0_121\jre\bin\nio.dll
0x00007fff529c0000 - 0x00007fff529de000 	C:\Users\nbangari\.gradle\native\25\windows-amd64\native-platform.dll
0x000000005c6c0000 - 0x000000005c6cd000 	C:\Program Files\Java\jdk1.8.0_121\jre\bin\management.dll
0x00007fff5b3d0000 - 0x00007fff5b3e7000 	C:\WINDOWS\SYSTEM32\CRYPTSP.dll
0x00007fff5ae00000 - 0x00007fff5ae33000 	C:\WINDOWS\system32\rsaenh.dll
0x00007fff5b500000 - 0x00007fff5b525000 	C:\WINDOWS\SYSTEM32\bcrypt.dll
0x00007fff5b900000 - 0x00007fff5b928000 	C:\WINDOWS\SYSTEM32\USERENV.dll
0x00007fff5b3f0000 - 0x00007fff5b3fb000 	C:\WINDOWS\SYSTEM32\CRYPTBASE.dll
0x00007fff5afa0000 - 0x00007fff5afd8000 	C:\WINDOWS\SYSTEM32\IPHLPAPI.DLL
0x00007fff5d330000 - 0x00007fff5d338000 	C:\WINDOWS\System32\NSI.dll
0x00007fff51e70000 - 0x00007fff51e86000 	C:\WINDOWS\SYSTEM32\dhcpcsvc6.DLL
0x00007fff521c0000 - 0x00007fff521da000 	C:\WINDOWS\SYSTEM32\dhcpcsvc.DLL

VM Arguments:
jvm_args: -Xmx1536m -Dfile.encoding=windows-1252 -Duser.country=US -Duser.language=en -Duser.variant 
java_command: org.gradle.launcher.daemon.bootstrap.GradleDaemon 4.10.1
java_class_path (initial): C:\Users\nbangari\.gradle\wrapper\dists\gradle-4.10.1-all\455itskqi2qtf0v2sja68alqd\gradle-4.10.1\lib\gradle-launcher-4.10.1.jar
Launcher Type: SUN_STANDARD

Environment Variables:
CLASSPATH=C:\Users\nbangari\StudioProjects\Team29-PersonalBest\\gradle\wrapper\gradle-wrapper.jar
PATH=C:\ProgramData\Oracle\Java\javapath;C:\WINDOWS\system32;C:\WINDOWS;C:\WINDOWS\System32\Wbem;C:\WINDOWS\System32\WindowsPowerShell\v1.0\;C:\Program Files (x86)\PuTTY\;C:\WINDOWS\System32\OpenSSH\;C:\Program Files\Git\cmd;C:\Users\nbangari\Anaconda3;C:\Users\nbangari\Anaconda3\Scripts;C:\Users\nbangari\Anaconda3\Library\bin;C:\Users\nbangari\AppData\Local\Microsoft\WindowsApps;C:\Program Files\Microsoft VS Code\bin;C:\Users\nbangari\AppData\Local\Microsoft\WindowsApps;C:\Program Files\Java\jdk1.8.0_121\bin
USERNAME=nbangari
OS=Windows_NT
PROCESSOR_IDENTIFIER=Intel64 Family 6 Model 142 Stepping 9, GenuineIntel



---------------  S Y S T E M  ---------------

OS: Windows 10.0 , 64 bit Build 17134 (10.0.17134.556)

CPU:total 4 (2 cores per cpu, 2 threads per core) family 6 model 142 stepping 9, cmov, cx8, fxsr, mmx, sse, sse2, sse3, ssse3, sse4.1, sse4.2, popcnt, avx, avx2, aes, clmul, erms, 3dnowpref, lzcnt, ht, tsc, tscinvbit, bmi1, bmi2, adx

Memory: 4k page, physical 8272208k(1668756k free), swap 10222928k(5292k free)

vm_info: Java HotSpot(TM) 64-Bit Server VM (25.121-b13) for windows-amd64 JRE (1.8.0_121-b13), built on Dec 12 2016 18:21:36 by "java_re" with MS VC++ 10.0 (VS2010)

time: Thu Feb 28 21:00:09 2019
elapsed time: 30 seconds (0d 0h 0m 30s)

