#
# There is insufficient memory for the Java Runtime Environment to continue.
# Native memory allocation (malloc) failed to allocate 1621936 bytes for Chunk::new
# Possible reasons:
#   The system is out of physical RAM or swap space
#   In 32 bit mode, the process size limit was hit
# Possible solutions:
#   Reduce memory load on the system
#   Increase physical memory or swap space
#   Check if swap backing store is full
#   Use 64 bit Java on a 64 bit OS
#   Decrease Java heap size (-Xmx/-Xms)
#   Decrease number of Java threads
#   Decrease Java thread stack sizes (-Xss)
#   Set larger code cache with -XX:ReservedCodeCacheSize=
# This output file may be truncated or incomplete.
#
#  Out of Memory Error (allocation.cpp:390), pid=5128, tid=0x0000000000001500
#
# JRE version: OpenJDK Runtime Environment (8.0_152-b01) (build 1.8.0_152-release-1248-b01)
# Java VM: OpenJDK 64-Bit Server VM (25.152-b01 mixed mode windows-amd64 compressed oops)
# Failed to write core dump. Minidumps are not enabled by default on client versions of Windows
#

---------------  T H R E A D  ---------------

Current thread (0x0000000016897800):  JavaThread "C2 CompilerThread0" daemon [_thread_in_native, id=5376, stack(0x0000000017ee0000,0x0000000017fe0000)]

Stack: [0x0000000017ee0000,0x0000000017fe0000]
[error occurred during error reporting (printing stack bounds), id 0xc0000005]

Native frames: (J=compiled Java code, j=interpreted, Vv=VM code, C=native code)


Current CompileTask:
C2:9971272 19137       4       com.sun.tools.javac.parser.JavacParser::classOrInterfaceBodyDeclaration (672 bytes)


---------------  P R O C E S S  ---------------

Java Threads: ( => current thread )
  0x000000001cbed000 JavaThread "Cache worker for Java compile cache (C:\Users\nbangari\StudioProjects\Team29-PersonalBest\.gradle\4.10.1\javaCompile)" [_thread_blocked, id=14220, stack(0x000000002cab0000,0x000000002cbb0000)]
  0x000000001cbec800 JavaThread "stdout" [_thread_in_native, id=6904, stack(0x000000002c9b0000,0x000000002cab0000)]
  0x000000001cbf3000 JavaThread "stderr" [_thread_in_native, id=13228, stack(0x000000002c8b0000,0x000000002c9b0000)]
  0x000000001cbee000 JavaThread "pool-18-thread-1" [_thread_blocked, id=3432, stack(0x000000002c7b0000,0x000000002c8b0000)]
  0x000000001cbeb800 JavaThread "Cache worker for Build Output Cleanup Cache (C:\Users\nbangari\StudioProjects\Team29-PersonalBest\.gradle\buildOutputCleanup)" [_thread_blocked, id=12828, stack(0x000000002c6b0000,0x000000002c7b0000)]
  0x000000001cbeb000 JavaThread "Cache worker for task history cache (C:\Users\nbangari\StudioProjects\Team29-PersonalBest\.gradle\4.10.1\taskHistory)" [_thread_blocked, id=10360, stack(0x000000002c5b0000,0x000000002c6b0000)]
  0x000000001cbf1800 JavaThread "Task worker for ':' Thread 3" [_thread_blocked, id=13040, stack(0x000000002c4b0000,0x000000002c5b0000)]
  0x000000001cbef800 JavaThread "Task worker for ':' Thread 2" [_thread_in_Java, id=4216, stack(0x000000002c3b0000,0x000000002c4b0000)]
  0x000000001ccad000 JavaThread "Task worker for ':'" [_thread_blocked, id=5140, stack(0x000000002c2b0000,0x000000002c3b0000)]
  0x000000001ccac800 JavaThread "Cache worker for file content cache (C:\Users\nbangari\StudioProjects\Team29-PersonalBest\.gradle\4.10.1\fileContent)" [_thread_blocked, id=3568, stack(0x000000002c1b0000,0x000000002c2b0000)]
  0x000000001ccab800 JavaThread "Build operations Thread 4" [_thread_blocked, id=9680, stack(0x000000002c0b0000,0x000000002c1b0000)]
  0x000000001ccae800 JavaThread "Build operations Thread 3" [_thread_blocked, id=116, stack(0x000000002bfb0000,0x000000002c0b0000)]
  0x000000001ccb1000 JavaThread "Build operations Thread 2" [_thread_blocked, id=10828, stack(0x000000002beb0000,0x000000002bfb0000)]
  0x000000001ccae000 JavaThread "Build operations" [_thread_blocked, id=3384, stack(0x000000002bdb0000,0x000000002beb0000)]
  0x000000001ccab000 JavaThread "Cache worker for cache directory md-rule (C:\Users\nbangari\.gradle\caches\4.10.1\md-rule)" [_thread_blocked, id=13176, stack(0x000000002bcb0000,0x000000002bdb0000)]
  0x000000001cca3800 JavaThread "Cache worker for cache directory md-supplier (C:\Users\nbangari\.gradle\caches\4.10.1\md-supplier)" [_thread_blocked, id=7188, stack(0x000000002bbb0000,0x000000002bcb0000)]
  0x000000001ccaa000 JavaThread "Cache worker for file hash cache (C:\Users\nbangari\StudioProjects\Team29-PersonalBest\.gradle\4.10.1\fileHashes)" [_thread_blocked, id=14268, stack(0x000000002bab0000,0x000000002bbb0000)]
  0x000000001cca9800 JavaThread "Stdin handler" [_thread_blocked, id=1860, stack(0x000000002b9b0000,0x000000002bab0000)]
  0x000000001cca2000 JavaThread "Asynchronous log dispatcher for DefaultDaemonConnection: socket connection from /127.0.0.1:49388 to /127.0.0.1:54443" [_thread_blocked, id=11836, stack(0x000000002b8b0000,0x000000002b9b0000)]
  0x000000001cca6800 JavaThread "Daemon worker Thread 4" [_thread_blocked, id=3332, stack(0x000000002b7b0000,0x000000002b8b0000)]
  0x000000001cca8800 JavaThread "Cancel handler" [_thread_blocked, id=13468, stack(0x000000002b6b0000,0x000000002b7b0000)]
  0x000000001cca2800 JavaThread "Handler for socket connection from /127.0.0.1:49388 to /127.0.0.1:54443" [_thread_in_native, id=12548, stack(0x000000002b5b0000,0x000000002b6b0000)]
  0x000000001cca7000 JavaThread "Daemon Thread 4" [_thread_blocked, id=11276, stack(0x000000002b4b0000,0x000000002b5b0000)]
  0x000000001cca5800 JavaThread "Cache worker for Java compile cache (C:\Users\nbangari\.gradle\caches\4.10.1\javaCompile)" [_thread_blocked, id=11436, stack(0x00000000285b0000,0x00000000286b0000)]
  0x000000001cbf0000 JavaThread "Cache worker for file content cache (C:\Users\nbangari\.gradle\caches\4.10.1\fileContent)" [_thread_blocked, id=7724, stack(0x00000000235b0000,0x00000000236b0000)]
  0x000000001cbe9800 JavaThread "Memory manager" [_thread_blocked, id=5180, stack(0x00000000232b0000,0x00000000233b0000)]
  0x0000000019f77800 JavaThread "Cache worker for Artifact transforms cache (C:\Users\nbangari\.gradle\caches\transforms-1)" [_thread_blocked, id=12148, stack(0x0000000020360000,0x0000000020460000)]
  0x0000000019f79800 JavaThread "Cache worker for journal cache (C:\Users\nbangari\.gradle\caches\journal-1)" [_thread_blocked, id=8424, stack(0x000000001d4d0000,0x000000001d5d0000)]
  0x000000001b162800 JavaThread "File lock request listener" [_thread_in_native, id=9980, stack(0x000000001c300000,0x000000001c400000)]
  0x000000001b074800 JavaThread "Cache worker for file hash cache (C:\Users\nbangari\.gradle\caches\4.10.1\fileHashes)" [_thread_blocked, id=14108, stack(0x000000001c200000,0x000000001c300000)]
  0x0000000019851000 JavaThread "Daemon periodic checks" [_thread_blocked, id=13548, stack(0x000000001a730000,0x000000001a830000)]
  0x0000000019819800 JavaThread "Incoming local TCP Connector on port 49388" [_thread_in_native, id=13848, stack(0x000000001a4f0000,0x000000001a5f0000)]
  0x0000000018200800 JavaThread "Service Thread" daemon [_thread_blocked, id=3596, stack(0x00000000185e0000,0x00000000186e0000)]
  0x0000000016899800 JavaThread "C1 CompilerThread2" daemon [_thread_blocked, id=2044, stack(0x00000000180e0000,0x00000000181e0000)]
  0x000000001688b800 JavaThread "C2 CompilerThread1" daemon [_thread_in_native, id=11644, stack(0x0000000017fe0000,0x00000000180e0000)]
=>0x0000000016897800 JavaThread "C2 CompilerThread0" daemon [_thread_in_native, id=5376, stack(0x0000000017ee0000,0x0000000017fe0000)]
  0x0000000016896000 JavaThread "Attach Listener" daemon [_thread_blocked, id=9036, stack(0x0000000017de0000,0x0000000017ee0000)]
  0x0000000016894800 JavaThread "Signal Dispatcher" daemon [_thread_blocked, id=13576, stack(0x0000000017ce0000,0x0000000017de0000)]
  0x0000000002e7b800 JavaThread "Finalizer" daemon [_thread_blocked, id=8544, stack(0x0000000017af0000,0x0000000017bf0000)]
  0x0000000002e70800 JavaThread "Reference Handler" daemon [_thread_blocked, id=12232, stack(0x00000000179f0000,0x0000000017af0000)]
  0x0000000002f1d800 JavaThread "main" [_thread_blocked, id=11416, stack(0x0000000002c20000,0x0000000002d20000)]

Other Threads:
  0x0000000016857000 VMThread [stack: 0x00000000178f0000,0x00000000179f0000] [id=5200]
  0x0000000018203000 WatcherThread [stack: 0x00000000186e0000,0x00000000187e0000] [id=9964]

VM state:not at safepoint (normal execution)

VM Mutex/Monitor currently owned by a thread: None

Heap:
 PSYoungGen      total 249344K, used 209160K [0x00000000e0000000, 0x00000000f1700000, 0x0000000100000000)
  eden space 222208K, 86% used [0x00000000e0000000,0x00000000ebaff028,0x00000000ed900000)
  from space 27136K, 65% used [0x00000000efc80000,0x00000000f0dc31b8,0x00000000f1700000)
  to   space 31744K, 0% used [0x00000000ed900000,0x00000000ed900000,0x00000000ef800000)
 ParOldGen       total 147456K, used 51875K [0x00000000a0000000, 0x00000000a9000000, 0x00000000e0000000)
  object space 147456K, 35% used [0x00000000a0000000,0x00000000a32a8ff0,0x00000000a9000000)
 Metaspace       used 88855K, capacity 92444K, committed 92720K, reserved 1130496K
  class space    used 11349K, capacity 12052K, committed 12080K, reserved 1048576K

Card table byte_map: [0x00000000122e0000,0x00000000125f0000] byte_map_base: 0x0000000011de0000

Marking Bits: (ParMarkBitMap*) 0x0000000067bc5aa0
 Begin Bits: [0x0000000012bf0000, 0x00000000143f0000)
 End Bits:   [0x00000000143f0000, 0x0000000015bf0000)

Polling page: 0x0000000000ec0000

CodeCache: size=245760Kb used=51718Kb max_used=51718Kb free=194041Kb
 bounds [0x0000000002f20000, 0x00000000061f0000, 0x0000000011f20000]
 total_blobs=16277 nmethods=15407 adapters=780
 compilation: enabled

Compilation events (10 events):
Event: 9968.907 Thread 0x0000000016899800 19144       3       com.sun.tools.javac.tree.TreeMaker::Import (20 bytes)
Event: 9968.907 Thread 0x0000000016899800 nmethod 19144 0x0000000005f9a290 code [0x0000000005f9a400, 0x0000000005f9a6f0]
Event: 9968.907 Thread 0x0000000016899800 19145       3       com.sun.tools.javac.tree.JCTree$JCImport::<init> (15 bytes)
Event: 9968.907 Thread 0x0000000016899800 nmethod 19145 0x0000000005fa4fd0 code [0x0000000005fa5140, 0x0000000005fa5370]
Event: 9969.052 Thread 0x0000000016899800 19149       3       com.sun.tools.javac.tree.JCTree$Visitor::visitImport (6 bytes)
Event: 9969.052 Thread 0x0000000016899800 nmethod 19149 0x0000000005f96dd0 code [0x0000000005f96f40, 0x0000000005f97148]
Event: 9969.085 Thread 0x0000000016899800 19150       1       com.sun.tools.javac.code.Type$MethodType::asMethodType (2 bytes)
Event: 9969.086 Thread 0x0000000016899800 nmethod 19150 0x0000000005f99fd0 code [0x0000000005f9a120, 0x0000000005f9a230]
Event: 9969.088 Thread 0x0000000016899800 19153   !   3       com.sun.tools.javac.file.JavacFileManager::caseMapCheck (147 bytes)
Event: 9969.090 Thread 0x0000000016899800 nmethod 19153 0x00000000061dee10 code [0x00000000061df060, 0x00000000061dfd98]

GC Heap History (10 events):
Event: 4865.208 GC heap before
{Heap before GC invocations=27 (full 3):
 PSYoungGen      total 212992K, used 201728K [0x00000000e0000000, 0x00000000ee880000, 0x0000000100000000)
  eden space 188928K, 100% used [0x00000000e0000000,0x00000000eb880000,0x00000000eb880000)
  from space 24064K, 53% used [0x00000000eb880000,0x00000000ec500130,0x00000000ed000000)
  to   space 23040K, 0% used [0x00000000ed200000,0x00000000ed200000,0x00000000ee880000)
 ParOldGen       total 147456K, used 45345K [0x00000000a0000000, 0x00000000a9000000, 0x00000000e0000000)
  object space 147456K, 30% used [0x00000000a0000000,0x00000000a2c487a8,0x00000000a9000000)
 Metaspace       used 87754K, capacity 91284K, committed 91440K, reserved 1128448K
  class space    used 11291K, capacity 12010K, committed 12080K, reserved 1048576K
Event: 4865.235 GC heap after
Heap after GC invocations=27 (full 3):
 PSYoungGen      total 216064K, used 12592K [0x00000000e0000000, 0x00000000ef580000, 0x0000000100000000)
  eden space 193024K, 0% used [0x00000000e0000000,0x00000000e0000000,0x00000000ebc80000)
  from space 23040K, 54% used [0x00000000ed200000,0x00000000ede4c140,0x00000000ee880000)
  to   space 22016K, 0% used [0x00000000ebc80000,0x00000000ebc80000,0x00000000ed200000)
 ParOldGen       total 147456K, used 45353K [0x00000000a0000000, 0x00000000a9000000, 0x00000000e0000000)
  object space 147456K, 30% used [0x00000000a0000000,0x00000000a2c4a7a8,0x00000000a9000000)
 Metaspace       used 87754K, capacity 91284K, committed 91440K, reserved 1128448K
  class space    used 11291K, capacity 12010K, committed 12080K, reserved 1048576K
}
Event: 4867.923 GC heap before
{Heap before GC invocations=28 (full 3):
 PSYoungGen      total 216064K, used 205616K [0x00000000e0000000, 0x00000000ef580000, 0x0000000100000000)
  eden space 193024K, 100% used [0x00000000e0000000,0x00000000ebc80000,0x00000000ebc80000)
  from space 23040K, 54% used [0x00000000ed200000,0x00000000ede4c140,0x00000000ee880000)
  to   space 22016K, 0% used [0x00000000ebc80000,0x00000000ebc80000,0x00000000ed200000)
 ParOldGen       total 147456K, used 45353K [0x00000000a0000000, 0x00000000a9000000, 0x00000000e0000000)
  object space 147456K, 30% used [0x00000000a0000000,0x00000000a2c4a7a8,0x00000000a9000000)
 Metaspace       used 88148K, capacity 91668K, committed 91952K, reserved 1128448K
  class space    used 11319K, capacity 12010K, committed 12080K, reserved 1048576K
Event: 4868.019 GC heap after
Heap after GC invocations=28 (full 3):
 PSYoungGen      total 215040K, used 21992K [0x00000000e0000000, 0x00000000f0180000, 0x0000000100000000)
  eden space 193024K, 0% used [0x00000000e0000000,0x00000000e0000000,0x00000000ebc80000)
  from space 22016K, 99% used [0x00000000ebc80000,0x00000000ed1fa028,0x00000000ed200000)
  to   space 26624K, 0% used [0x00000000ee780000,0x00000000ee780000,0x00000000f0180000)
 ParOldGen       total 147456K, used 49993K [0x00000000a0000000, 0x00000000a9000000, 0x00000000e0000000)
  object space 147456K, 33% used [0x00000000a0000000,0x00000000a30d24a0,0x00000000a9000000)
 Metaspace       used 88148K, capacity 91668K, committed 91952K, reserved 1128448K
  class space    used 11319K, capacity 12010K, committed 12080K, reserved 1048576K
}
Event: 4871.993 GC heap before
{Heap before GC invocations=29 (full 3):
 PSYoungGen      total 215040K, used 215016K [0x00000000e0000000, 0x00000000f0180000, 0x0000000100000000)
  eden space 193024K, 100% used [0x00000000e0000000,0x00000000ebc80000,0x00000000ebc80000)
  from space 22016K, 99% used [0x00000000ebc80000,0x00000000ed1fa028,0x00000000ed200000)
  to   space 26624K, 0% used [0x00000000ee780000,0x00000000ee780000,0x00000000f0180000)
 ParOldGen       total 147456K, used 49997K [0x00000000a0000000, 0x00000000a9000000, 0x00000000e0000000)
  object space 147456K, 33% used [0x00000000a0000000,0x00000000a30d34b0,0x00000000a9000000)
 Metaspace       used 88161K, capacity 91674K, committed 91952K, reserved 1128448K
  class space    used 11320K, capacity 12011K, committed 12080K, reserved 1048576K
Event: 4872.071 GC heap after
Heap after GC invocations=29 (full 3):
 PSYoungGen      total 233984K, used 24416K [0x00000000e0000000, 0x00000000f0780000, 0x0000000100000000)
  eden space 207360K, 0% used [0x00000000e0000000,0x00000000e0000000,0x00000000eca80000)
  from space 26624K, 91% used [0x00000000ee780000,0x00000000eff580a0,0x00000000f0180000)
  to   space 29696K, 0% used [0x00000000eca80000,0x00000000eca80000,0x00000000ee780000)
 ParOldGen       total 147456K, used 51857K [0x00000000a0000000, 0x00000000a9000000, 0x00000000e0000000)
  object space 147456K, 35% used [0x00000000a0000000,0x00000000a32a45a0,0x00000000a9000000)
 Metaspace       used 88161K, capacity 91674K, committed 91952K, reserved 1128448K
  class space    used 11320K, capacity 12011K, committed 12080K, reserved 1048576K
}
Event: 4874.913 GC heap before
{Heap before GC invocations=30 (full 3):
 PSYoungGen      total 233984K, used 231776K [0x00000000e0000000, 0x00000000f0780000, 0x0000000100000000)
  eden space 207360K, 100% used [0x00000000e0000000,0x00000000eca80000,0x00000000eca80000)
  from space 26624K, 91% used [0x00000000ee780000,0x00000000eff580a0,0x00000000f0180000)
  to   space 29696K, 0% used [0x00000000eca80000,0x00000000eca80000,0x00000000ee780000)
 ParOldGen       total 147456K, used 51859K [0x00000000a0000000, 0x00000000a9000000, 0x00000000e0000000)
  object space 147456K, 35% used [0x00000000a0000000,0x00000000a32a4ff0,0x00000000a9000000)
 Metaspace       used 88166K, capacity 91674K, committed 91952K, reserved 1128448K
  class space    used 11320K, capacity 12011K, committed 12080K, reserved 1048576K
Event: 4874.968 GC heap after
Heap after GC invocations=30 (full 3):
 PSYoungGen      total 237056K, used 27552K [0x00000000e0000000, 0x00000000f1c80000, 0x0000000100000000)
  eden space 207360K, 0% used [0x00000000e0000000,0x00000000e0000000,0x00000000eca80000)
  from space 29696K, 92% used [0x00000000eca80000,0x00000000ee568100,0x00000000ee780000)
  to   space 32768K, 0% used [0x00000000efc80000,0x00000000efc80000,0x00000000f1c80000)
 ParOldGen       total 147456K, used 51867K [0x00000000a0000000, 0x00000000a9000000, 0x00000000e0000000)
  object space 147456K, 35% used [0x00000000a0000000,0x00000000a32a6ff0,0x00000000a9000000)
 Metaspace       used 88166K, capacity 91674K, committed 91952K, reserved 1128448K
  class space    used 11320K, capacity 12011K, committed 12080K, reserved 1048576K
}
Event: 9888.030 GC heap before
{Heap before GC invocations=31 (full 3):
 PSYoungGen      total 237056K, used 234912K [0x00000000e0000000, 0x00000000f1c80000, 0x0000000100000000)
  eden space 207360K, 100% used [0x00000000e0000000,0x00000000eca80000,0x00000000eca80000)
  from space 29696K, 92% used [0x00000000eca80000,0x00000000ee568100,0x00000000ee780000)
  to   space 32768K, 0% used [0x00000000efc80000,0x00000000efc80000,0x00000000f1c80000)
 ParOldGen       total 147456K, used 51867K [0x00000000a0000000, 0x00000000a9000000, 0x00000000e0000000)
  object space 147456K, 35% used [0x00000000a0000000,0x00000000a32a6ff0,0x00000000a9000000)
 Metaspace       used 88559K, capacity 92100K, committed 92208K, reserved 1130496K
  class space    used 11339K, capacity 12038K, committed 12080K, reserved 1048576K
Event: 9888.102 GC heap after
Heap after GC invocations=31 (full 3):
 PSYoungGen      total 249344K, used 17676K [0x00000000e0000000, 0x00000000f1700000, 0x0000000100000000)
  eden space 222208K, 0% used [0x00000000e0000000,0x00000000e0000000,0x00000000ed900000)
  from space 27136K, 65% used [0x00000000efc80000,0x00000000f0dc31b8,0x00000000f1700000)
  to   space 31744K, 0% used [0x00000000ed900000,0x00000000ed900000,0x00000000ef800000)
 ParOldGen       total 147456K, used 51875K [0x00000000a0000000, 0x00000000a9000000, 0x00000000e0000000)
  object space 147456K, 35% used [0x00000000a0000000,0x00000000a32a8ff0,0x00000000a9000000)
 Metaspace       used 88559K, capacity 92100K, committed 92208K, reserved 1130496K
  class space    used 11339K, capacity 12038K, committed 12080K, reserved 1048576K
}

Deoptimization events (10 events):
Event: 9964.340 Thread 0x000000001ccad000 Uncommon trap: reason=class_check action=maybe_recompile pc=0x00000000053f26a0 method=com.sun.org.apache.xerces.internal.dom.ParentNode.getChildNodes()Lorg/w3c/dom/NodeList; @ 8
Event: 9964.997 Thread 0x000000001ccab800 Uncommon trap: reason=bimorphic action=maybe_recompile pc=0x00000000060c6cb8 method=com.google.common.cache.LocalCache$Segment.storeLoadedValue(Ljava/lang/Object;ILcom/google/common/cache/LocalCache$LoadingValueReference;Ljava/lang/Object;)Z @ 286
Event: 9965.557 Thread 0x000000001cbef800 Uncommon trap: reason=class_check action=maybe_recompile pc=0x000000000546edd8 method=com.sun.org.apache.xerces.internal.dom.AttrImpl.getOwnerElement()Lorg/w3c/dom/Element; @ 18
Event: 9965.557 Thread 0x000000001cbef800 Uncommon trap: reason=class_check action=maybe_recompile pc=0x000000000546edd8 method=com.sun.org.apache.xerces.internal.dom.AttrImpl.getOwnerElement()Lorg/w3c/dom/Element; @ 18
Event: 9965.557 Thread 0x000000001cbef800 Uncommon trap: reason=class_check action=maybe_recompile pc=0x000000000546edd8 method=com.sun.org.apache.xerces.internal.dom.AttrImpl.getOwnerElement()Lorg/w3c/dom/Element; @ 18
Event: 9965.557 Thread 0x000000001cbef800 Uncommon trap: reason=class_check action=maybe_recompile pc=0x000000000546edd8 method=com.sun.org.apache.xerces.internal.dom.AttrImpl.getOwnerElement()Lorg/w3c/dom/Element; @ 18
Event: 9968.916 Thread 0x000000001cbef800 Uncommon trap: reason=predicate action=maybe_recompile pc=0x00000000041d1054 method=java.util.ComparableTimSort.mergeHi(IIII)V @ 185
Event: 9968.917 Thread 0x000000001cbef800 Uncommon trap: reason=array_check action=maybe_recompile pc=0x0000000005f6cd48 method=java.util.ComparableTimSort.mergeLo(IIII)V @ 240
Event: 9968.918 Thread 0x000000001cbef800 Uncommon trap: reason=array_check action=maybe_recompile pc=0x0000000005f6cc64 method=java.util.ComparableTimSort.mergeLo(IIII)V @ 207
Event: 9968.918 Thread 0x000000001cbef800 Uncommon trap: reason=array_check action=maybe_recompile pc=0x0000000005f6cc64 method=java.util.ComparableTimSort.mergeLo(IIII)V @ 207

Classes redefined (0 events):
No events

Internal exceptions (10 events):
Event: 9885.533 Thread 0x000000001d340000 Exception <a 'sun/nio/fs/WindowsException'> (0x00000000e4dfef60) thrown at [D:\src\AOSP-openjdk-cygwin\jdk8u\hotspot\src\share\vm\prims\jni.cpp, line 709]
Event: 9885.534 Thread 0x000000001d340000 Exception <a 'sun/nio/fs/WindowsException'> (0x00000000e4e01f30) thrown at [D:\src\AOSP-openjdk-cygwin\jdk8u\hotspot\src\share\vm\prims\jni.cpp, line 709]
Event: 9885.534 Thread 0x000000001d340000 Exception <a 'sun/nio/fs/WindowsException'> (0x00000000e4e02d18) thrown at [D:\src\AOSP-openjdk-cygwin\jdk8u\hotspot\src\share\vm\prims\jni.cpp, line 709]
Event: 9885.534 Thread 0x000000001d340000 Exception <a 'sun/nio/fs/WindowsException'> (0x00000000e4e04f10) thrown at [D:\src\AOSP-openjdk-cygwin\jdk8u\hotspot\src\share\vm\prims\jni.cpp, line 709]
Event: 9885.534 Thread 0x000000001d340000 Exception <a 'sun/nio/fs/WindowsException'> (0x00000000e4e05d30) thrown at [D:\src\AOSP-openjdk-cygwin\jdk8u\hotspot\src\share\vm\prims\jni.cpp, line 709]
Event: 9885.535 Thread 0x000000001d340000 Exception <a 'sun/nio/fs/WindowsException'> (0x00000000e4e08ec0) thrown at [D:\src\AOSP-openjdk-cygwin\jdk8u\hotspot\src\share\vm\prims\jni.cpp, line 709]
Event: 9885.535 Thread 0x000000001d340000 Exception <a 'sun/nio/fs/WindowsException'> (0x00000000e4e09d20) thrown at [D:\src\AOSP-openjdk-cygwin\jdk8u\hotspot\src\share\vm\prims\jni.cpp, line 709]
Event: 9885.535 Thread 0x000000001d340000 Exception <a 'sun/nio/fs/WindowsException'> (0x00000000e4e0bf90) thrown at [D:\src\AOSP-openjdk-cygwin\jdk8u\hotspot\src\share\vm\prims\jni.cpp, line 709]
Event: 9885.535 Thread 0x000000001d340000 Exception <a 'sun/nio/fs/WindowsException'> (0x00000000e4e0ce28) thrown at [D:\src\AOSP-openjdk-cygwin\jdk8u\hotspot\src\share\vm\prims\jni.cpp, line 709]
Event: 9964.173 Thread 0x000000001cca6800 Exception <a 'sun/nio/fs/WindowsException'> (0x00000000e5780560) thrown at [D:\src\AOSP-openjdk-cygwin\jdk8u\hotspot\src\share\vm\prims\jni.cpp, line 709]

Events (10 events):
Event: 9968.916 Thread 0x000000001cbef800 DEOPT UNPACKING pc=0x0000000002f6557b sp=0x000000002c4abaa0 mode 2
Event: 9968.917 Thread 0x000000001cbef800 Uncommon trap: trap_request=0xffffffd6 fr.pc=0x0000000005f6cd48
Event: 9968.917 Thread 0x000000001cbef800 DEOPT PACKING pc=0x0000000005f6cd48 sp=0x000000002c4abaa0
Event: 9968.917 Thread 0x000000001cbef800 DEOPT UNPACKING pc=0x0000000002f6557b sp=0x000000002c4aba90 mode 2
Event: 9968.918 Thread 0x000000001cbef800 Uncommon trap: trap_request=0xffffffd6 fr.pc=0x0000000005f6cc64
Event: 9968.918 Thread 0x000000001cbef800 DEOPT PACKING pc=0x0000000005f6cc64 sp=0x000000002c4abaa0
Event: 9968.918 Thread 0x000000001cbef800 DEOPT UNPACKING pc=0x0000000002f6557b sp=0x000000002c4aba90 mode 2
Event: 9968.918 Thread 0x000000001cbef800 Uncommon trap: trap_request=0xffffffd6 fr.pc=0x0000000005f6cc64
Event: 9968.918 Thread 0x000000001cbef800 DEOPT PACKING pc=0x0000000005f6cc64 sp=0x000000002c4abaa0
Event: 9968.918 Thread 0x000000001cbef800 DEOPT UNPACKING pc=0x0000000002f6557b sp=0x000000002c4aba90 mode 2


Dynamic libraries:
0x00007ff683670000 - 0x00007ff6836a1000 	C:\Program Files\Android\Android Studio\jre\bin\java.exe
0x00007ffa67260000 - 0x00007ffa67441000 	C:\WINDOWS\SYSTEM32\ntdll.dll
0x00007ffa67020000 - 0x00007ffa670d2000 	C:\WINDOWS\System32\KERNEL32.DLL
0x00007ffa63ac0000 - 0x00007ffa63d33000 	C:\WINDOWS\System32\KERNELBASE.dll
0x00007ffa669e0000 - 0x00007ffa66a81000 	C:\WINDOWS\System32\ADVAPI32.dll
0x00007ffa64cd0000 - 0x00007ffa64d6e000 	C:\WINDOWS\System32\msvcrt.dll
0x00007ffa64d70000 - 0x00007ffa64dcb000 	C:\WINDOWS\System32\sechost.dll
0x00007ffa64720000 - 0x00007ffa64844000 	C:\WINDOWS\System32\RPCRT4.dll
0x00007ffa64dd0000 - 0x00007ffa64f60000 	C:\WINDOWS\System32\USER32.dll
0x00007ffa644b0000 - 0x00007ffa644d0000 	C:\WINDOWS\System32\win32u.dll
0x00007ffa646f0000 - 0x00007ffa64718000 	C:\WINDOWS\System32\GDI32.dll
0x00007ffa63920000 - 0x00007ffa63ab2000 	C:\WINDOWS\System32\gdi32full.dll
0x00007ffa64650000 - 0x00007ffa646ef000 	C:\WINDOWS\System32\msvcp_win.dll
0x00007ffa63630000 - 0x00007ffa6372a000 	C:\WINDOWS\System32\ucrtbase.dll
0x00007ffa5a340000 - 0x00007ffa5a5a9000 	C:\WINDOWS\WinSxS\amd64_microsoft.windows.common-controls_6595b64144ccf1df_6.0.17134.590_none_fb3d9bff3069e088\COMCTL32.dll
0x00007ffa64850000 - 0x00007ffa64b72000 	C:\WINDOWS\System32\combase.dll
0x00007ffa644d0000 - 0x00007ffa6454a000 	C:\WINDOWS\System32\bcryptPrimitives.dll
0x00007ffa66ff0000 - 0x00007ffa6701d000 	C:\WINDOWS\System32\IMM32.DLL
0x0000000068630000 - 0x0000000068702000 	C:\Program Files\Android\Android Studio\jre\jre\bin\msvcr100.dll
0x0000000067400000 - 0x0000000067c41000 	C:\Program Files\Android\Android Studio\jre\jre\bin\server\jvm.dll
0x00007ffa66fd0000 - 0x00007ffa66fd8000 	C:\WINDOWS\System32\PSAPI.DLL
0x00007ffa55450000 - 0x00007ffa55473000 	C:\WINDOWS\SYSTEM32\WINMM.dll
0x00007ffa5aa10000 - 0x00007ffa5aa1a000 	C:\WINDOWS\SYSTEM32\VERSION.dll
0x00007ffa5aaa0000 - 0x00007ffa5aaa9000 	C:\WINDOWS\SYSTEM32\WSOCK32.dll
0x00007ffa65260000 - 0x00007ffa652cc000 	C:\WINDOWS\System32\WS2_32.dll
0x00007ffa55420000 - 0x00007ffa5544a000 	C:\WINDOWS\SYSTEM32\winmmbase.dll
0x00007ffa64600000 - 0x00007ffa64649000 	C:\WINDOWS\System32\cfgmgr32.dll
0x00007ffa5e470000 - 0x00007ffa5e47f000 	C:\Program Files\Android\Android Studio\jre\jre\bin\verify.dll
0x00007ffa5e410000 - 0x00007ffa5e439000 	C:\Program Files\Android\Android Studio\jre\jre\bin\java.dll
0x00007ffa555b0000 - 0x00007ffa555c6000 	C:\Program Files\Android\Android Studio\jre\jre\bin\zip.dll
0x00007ffa654c0000 - 0x00007ffa66900000 	C:\WINDOWS\System32\SHELL32.dll
0x00007ffa64b80000 - 0x00007ffa64c29000 	C:\WINDOWS\System32\shcore.dll
0x00007ffa63d40000 - 0x00007ffa6444d000 	C:\WINDOWS\System32\windows.storage.dll
0x00007ffa670e0000 - 0x00007ffa67131000 	C:\WINDOWS\System32\shlwapi.dll
0x00007ffa635f0000 - 0x00007ffa63601000 	C:\WINDOWS\System32\kernel.appcore.dll
0x00007ffa63610000 - 0x00007ffa6362f000 	C:\WINDOWS\System32\profapi.dll
0x00007ffa635a0000 - 0x00007ffa635ec000 	C:\WINDOWS\System32\powrprof.dll
0x00007ffa63570000 - 0x00007ffa6357a000 	C:\WINDOWS\System32\FLTLIB.DLL
0x00007ffa55500000 - 0x00007ffa5551a000 	C:\Program Files\Android\Android Studio\jre\jre\bin\net.dll
0x00007ffa62d90000 - 0x00007ffa62df6000 	C:\WINDOWS\system32\mswsock.dll
0x00007ffa52000000 - 0x00007ffa52011000 	C:\Program Files\Android\Android Studio\jre\jre\bin\nio.dll
0x00007ffa5f4b0000 - 0x00007ffa5f4ce000 	C:\Users\nbangari\.gradle\native\25\windows-amd64\native-platform.dll
0x00007ffa5e2d0000 - 0x00007ffa5e2dd000 	C:\Program Files\Android\Android Studio\jre\jre\bin\management.dll
0x00007ffa62f40000 - 0x00007ffa62f57000 	C:\WINDOWS\SYSTEM32\CRYPTSP.dll
0x00007ffa62970000 - 0x00007ffa629a3000 	C:\WINDOWS\system32\rsaenh.dll
0x00007ffa630d0000 - 0x00007ffa630f5000 	C:\WINDOWS\SYSTEM32\bcrypt.dll
0x00007ffa63470000 - 0x00007ffa63498000 	C:\WINDOWS\SYSTEM32\USERENV.dll
0x00007ffa62f60000 - 0x00007ffa62f6b000 	C:\WINDOWS\SYSTEM32\CRYPTBASE.dll
0x00007ffa62b10000 - 0x00007ffa62b48000 	C:\WINDOWS\SYSTEM32\IPHLPAPI.DLL
0x00007ffa66fe0000 - 0x00007ffa66fe8000 	C:\WINDOWS\System32\NSI.dll
0x00007ffa5caf0000 - 0x00007ffa5cb06000 	C:\WINDOWS\SYSTEM32\dhcpcsvc6.DLL
0x00007ffa5cc20000 - 0x00007ffa5cc3a000 	C:\WINDOWS\SYSTEM32\dhcpcsvc.DLL
0x00007ffa62690000 - 0x00007ffa626c1000 	C:\WINDOWS\SYSTEM32\ntmarta.dll

VM Arguments:
jvm_args: -Xmx1536m -Dfile.encoding=windows-1252 -Duser.country=US -Duser.language=en -Duser.variant 
java_command: org.gradle.launcher.daemon.bootstrap.GradleDaemon 4.10.1
java_class_path (initial): C:\Users\nbangari\.gradle\wrapper\dists\gradle-4.10.1-all\455itskqi2qtf0v2sja68alqd\gradle-4.10.1\lib\gradle-launcher-4.10.1.jar
Launcher Type: SUN_STANDARD

Environment Variables:
PATH=C:\ProgramData\Oracle\Java\javapath;C:\WINDOWS\system32;C:\WINDOWS;C:\WINDOWS\System32\Wbem;C:\WINDOWS\System32\WindowsPowerShell\v1.0\;C:\Program Files (x86)\PuTTY\;C:\WINDOWS\System32\OpenSSH\;C:\Program Files\Git\cmd;C:\Users\nbangari\Anaconda3;C:\Users\nbangari\Anaconda3\Scripts;C:\Users\nbangari\Anaconda3\Library\bin;C:\Users\nbangari\AppData\Local\Microsoft\WindowsApps;C:\Program Files\Microsoft VS Code\bin;C:\Users\nbangari\AppData\Local\Microsoft\WindowsApps;C:\Program Files\Java\jdk1.8.0_121\bin
USERNAME=nbangari
OS=Windows_NT
PROCESSOR_IDENTIFIER=Intel64 Family 6 Model 142 Stepping 9, GenuineIntel



---------------  S Y S T E M  ---------------

OS: Windows 10.0 , 64 bit Build 17134 (10.0.17134.556)

CPU:total 4 (initial active 4) (2 cores per cpu, 2 threads per core) family 6 model 142 stepping 9, cmov, cx8, fxsr, mmx, sse, sse2, sse3, ssse3, sse4.1, sse4.2, popcnt, avx, avx2, aes, clmul, erms, 3dnowpref, lzcnt, ht, tsc, tscinvbit, bmi1, bmi2, adx

Memory: 4k page, physical 8272208k(762408k free), swap 10222928k(7980k free)

vm_info: OpenJDK 64-Bit Server VM (25.152-b01) for windows-amd64 JRE (1.8.0_152-release-1248-b01), built by "builder" with MS VC++ 10.0 (VS2010)

time: Thu Feb 14 18:36:23 2019
elapsed time: 9969 seconds (0d 2h 46m 9s)

